Arguments: 
  C:\Program Files\nodejs\node.exe C:\ProgramData\npm\npm\node_modules\yarn\bin\yarn.js add fluent-ffmpeg

PATH: 
  C:\Program Files\ImageMagick-7.1.0-Q16-HDRI;C:\Program Files\Oculus\Support\oculus-runtime;C:\Program Files (x86)\Common Files\Intel\Shared Libraries\redist\intel64_win\compiler;C:\Program Files\Common Files\Oracle\Java\javapath;C:\Program Files (x86)\VMware\VMware Player\bin\;C:\Program Files (x86)\Common Files\Intel\Shared Libraries\redist\intel64\compiler;C:\Program Files\NVIDIA GPU Computing Toolkit\CUDA\v11.2\bin;C:\Program Files\NVIDIA GPU Computing Toolkit\CUDA\v11.2\libnvvp;C:\Program Files\Microsoft MPI\Bin\;C:\Users\vandi\miniconda3;C:\Users\vandi\miniconda3\Scripts;C:\Users\vandi\miniconda3\condabin;C:\Users\vandi\miniconda3\pkgs;C:\ProgramData\npm\npm;C:\Windows\system32;C:\Windows;C:\Windows\System32\Wbem;C:\Windows\System32\WindowsPowerShell\v1.0\;C:\Windows\System32\OpenSSH\;C:\Program Files (x86)\NVIDIA Corporation\PhysX\Common;C:\Program Files\NVIDIA Corporation\NVIDIA NvDLISR;C:\ProgramData\chocolatey\bin;C:\Program Files\Git\cmd;C:\Program Files\Git\bin\git.exe;C:\Program Files\ffmpeg\ffmpeg.exe;C:\Program Files\NVIDIA Corporation\Nsight Compute 2020.3.0\;C:\Windows\SysWow64\;C:\Program Files\nodejs\;C:\WINDOWS\system32;C:\WINDOWS;C:\WINDOWS\System32\Wbem;C:\WINDOWS\System32\WindowsPowerShell\v1.0\;C:\WINDOWS\System32\OpenSSH\;C:\Program Files\PuTTY\;C:\Program Files\Microsoft SQL Server\Client SDK\ODBC\110\Tools\Binn\;C:\Program Files (x86)\Microsoft SQL Server\120\Tools\Binn\;C:\Program Files\Microsoft SQL Server\120\Tools\Binn\;C:\Program Files\Microsoft SQL Server\120\DTS\Binn\;C:\Program Files (x86)\Windows Kits\8.1\Windows Performance Toolkit\;C:\Program Files\dotnet\;C:\Program Files\Docker\Docker\resources\bin;C:\ProgramData\DockerDesktop\version-bin;C:\Program Files\OpenJDK\openjdk-8u302-b08\bin;C:\wamp64\bin\php\php7.3.21;C:\ProgramData\ComposerSetup\bin;C:\Users\vandi\scoop\shims;C:\Program Files\ffmpeg;C:\Users\vandi\AppData\Local\Programs\Microsoft VS Code\bin;C:\Users\vandi\AppData\Local\Microsoft\WindowsApps;C:\Users\vandi\AppData\Roaming\npm;C:\Program Files\OpenSSL-Win64\bin;C:\Users\vandi\AppData\Local\Android\Sdk\platform-tools;C:\Users\vandi\AppData\Local\Android\Sdk\tools;C:\Program Files\GPAC;C:\Program Files\MongoDB\Server\4.4\bin;C:\Users\vandi\.dotnet\tools;C:\Users\vandi\Documents\#bigmistqke;C:\Program Files\heroku\bin;C:\Users\vandi\AppData\Roaming\Composer\vendor\bin

Yarn version: 
  1.22.15

Node version: 
  14.15.4

Platform: 
  win32 x64

Trace: 
  Error: EPERM: operation not permitted, unlink 'C:\_wamp64\www\datingproject\fetch\node_modules\sharp\build\Release\sharp-win32-x64.node'

npm manifest: 
  {
    "name": "script-server",
    "version": "1.0.0",
    "description": "",
    "main": "server.js",
    "scripts": {
      "test": "echo \"Error: no test specified\" && exit 1",
      "start": "nodemon server.js"
    },
    "nodemonConfig": {
      "ignore": [
        "uploads/*"
      ]
    },
    "keywords": [],
    "author": "",
    "license": "ISC",
    "dependencies": {
      "body-parser": "^1.19.0",
      "convert-svg-to-png": "^0.5.0",
      "cors": "^2.8.5",
      "diff": "^5.0.0",
      "dotenv": "^8.2.0",
      "express": "^4.17.1",
      "express-fileupload": "^1.2.1",
      "flat": "^5.0.2",
      "formidable": "^1.2.2",
      "mongodb": "^3.6.6",
      "mongoose": "^5.12.5",
      "mqtt": "^4.2.6",
      "multer": "^1.4.2",
      "mysql": "^2.18.1",
      "node-fetch": "^2.6.1",
      "promise-mysql": "^5.0.1",
      "redis": "^3.0.2",
      "redis-jsonify": "^1.2.0",
      "safe-flat": "^2.0.2",
      "sharp": "^0.29.3",
      "uniqid": "^5.2.0",
      "uuid": "^8.3.2"
    }
  }

yarn manifest: 
  No manifest

Lockfile: 
  # THIS IS AN AUTOGENERATED FILE. DO NOT EDIT THIS FILE DIRECTLY.
  # yarn lockfile v1
  
  
  "@types/bluebird@^3.5.26":
    "integrity" "sha512-HBNx4lhkxN7bx6P0++W8E289foSu8kO8GCk2unhuVggO+cE7rh9DhZUyPhUxNRG9m+5B5BTKxZQ5ZP92x/mx9Q=="
    "resolved" "https://registry.yarnpkg.com/@types/bluebird/-/bluebird-3.5.36.tgz"
    "version" "3.5.36"
  
  "@types/bson@*":
    "integrity" "sha512-ELCPqAdroMdcuxqwMgUpifQyRoTpyYCNr1V9xKyF40VsBobsj+BbWNRvwGchMgBPGqkw655ypkjj2MEF5ywVwg=="
    "resolved" "https://registry.yarnpkg.com/@types/bson/-/bson-4.2.0.tgz"
    "version" "4.2.0"
    dependencies:
      "bson" "*"
  
  "@types/bson@1.x || 4.0.x":
    "integrity" "sha512-vVLwMUqhYJSQ/WKcE60eFqcyuWse5fGH+NMAXHuKrUAPoryq3ATxk5o4bgYNtg5aOM4APVg7Hnb3ASqUYG0PKg=="
    "resolved" "https://registry.yarnpkg.com/@types/bson/-/bson-4.0.5.tgz"
    "version" "4.0.5"
    dependencies:
      "@types/node" "*"
  
  "@types/mongodb@^3.5.27":
    "integrity" "sha512-WcdpPJCakFzcWWD9juKoZbRtQxKIMYF/JIAM4JrNHrMcnJL6/a2NWjXxW7fo9hxboxxkg+icff8d7+WIEvKgYQ=="
    "resolved" "https://registry.yarnpkg.com/@types/mongodb/-/mongodb-3.6.20.tgz"
    "version" "3.6.20"
    dependencies:
      "@types/bson" "*"
      "@types/node" "*"
  
  "@types/mysql@^2.15.2":
    "integrity" "sha512-wSRg2QZv14CWcZXkgdvHbbV2ACufNy5EgI8mBBxnJIptchv7DBy/h53VMa2jDhyo0C9MO4iowE6z9vF8Ja1DkQ=="
    "resolved" "https://registry.yarnpkg.com/@types/mysql/-/mysql-2.15.19.tgz"
    "version" "2.15.19"
    dependencies:
      "@types/node" "*"
  
  "@types/node@*":
    "integrity" "sha512-+2Iggwg7PxoO5Kyhvsq9VarmPbIelXP070HMImEpbtGCoyWNINQj4wzjbQCXzdHTRXnqufutJb5KAURZANNBAw=="
    "resolved" "https://registry.yarnpkg.com/@types/node/-/node-16.11.12.tgz"
    "version" "16.11.12"
  
  "accepts@~1.3.7":
    "integrity" "sha512-Il80Qs2WjYlJIBNzNkK6KYqlVMTbZLXgHx2oT0pU/fjRHyEp+PEfEPY0R3WCwAGVOtauxh1hOxNgIf5bv7dQpA=="
    "resolved" "https://registry.yarnpkg.com/accepts/-/accepts-1.3.7.tgz"
    "version" "1.3.7"
    dependencies:
      "mime-types" "~2.1.24"
      "negotiator" "0.6.2"
  
  "agent-base@^4.3.0":
    "integrity" "sha512-salcGninV0nPrwpGNn4VTXBb1SOuXQBiqbrNXoeizJsHrsL6ERFM2Ne3JUSBWRE6aeNJI2ROP/WEEIDUiDe3cg=="
    "resolved" "https://registry.yarnpkg.com/agent-base/-/agent-base-4.3.0.tgz"
    "version" "4.3.0"
    dependencies:
      "es6-promisify" "^5.0.0"
  
  "ansi-regex@^2.0.0":
    "integrity" "sha1-w7M6te42DYbg5ijwRorn7yfWVN8="
    "resolved" "https://registry.npmjs.org/ansi-regex/-/ansi-regex-2.1.1.tgz"
    "version" "2.1.1"
  
  "ansi-styles@^3.2.1":
    "integrity" "sha512-VT0ZI6kZRdTh8YyJw3SMbYm/u+NqfsAxEpWO0Pf9sq8/e94WxxOpPKx9FR1FlyCtOVDNOQ+8ntlqFxiRc+r5qA=="
    "resolved" "https://registry.yarnpkg.com/ansi-styles/-/ansi-styles-3.2.1.tgz"
    "version" "3.2.1"
    dependencies:
      "color-convert" "^1.9.0"
  
  "append-field@^1.0.0":
    "integrity" "sha1-HjRA6RXwsSA9I3SOeO3XubW0PlY="
    "resolved" "https://registry.yarnpkg.com/append-field/-/append-field-1.0.0.tgz"
    "version" "1.0.0"
  
  "aproba@^1.0.3":
    "integrity" "sha512-Y9J6ZjXtoYh8RnXVCMOU/ttDmk1aBjunq9vO0ta5x85WDQiQfUF9sIPBITdbiiIVcBo03Hi3jMxigBtsddlXRw=="
    "resolved" "https://registry.npmjs.org/aproba/-/aproba-1.2.0.tgz"
    "version" "1.2.0"
  
  "are-we-there-yet@~1.1.2":
    "integrity" "sha512-nxwy40TuMiUGqMyRHgCSWZ9FM4VAoRP4xUYSTv5ImRog+h9yISPbVH7H8fASCIzYn9wlEv4zvFL7uKDMCFQm3g=="
    "resolved" "https://registry.npmjs.org/are-we-there-yet/-/are-we-there-yet-1.1.7.tgz"
    "version" "1.1.7"
    dependencies:
      "delegates" "^1.0.0"
      "readable-stream" "^2.0.6"
  
  "array-flatten@1.1.1":
    "integrity" "sha1-ml9pkFGx5wczKPKgCJaLZOopVdI="
    "resolved" "https://registry.yarnpkg.com/array-flatten/-/array-flatten-1.1.1.tgz"
    "version" "1.1.1"
  
  "async-limiter@~1.0.0":
    "integrity" "sha512-csOlWGAcRFJaI6m+F2WKdnMKr4HhdhFVBk0H/QbJFMCr+uO2kwohwXQPxw/9OCxp05r5ghVBFSyioixx3gfkNQ=="
    "resolved" "https://registry.yarnpkg.com/async-limiter/-/async-limiter-1.0.1.tgz"
    "version" "1.0.1"
  
  "balanced-match@^1.0.0":
    "integrity" "sha512-3oSeUO0TMV67hN1AmbXsK4yaqU7tjiHlbxRDZOpH0KW9+CeX4bRAaX0Anxt0tx2MrpRpWwQaPwIlISEJhYU5Pw=="
    "resolved" "https://registry.yarnpkg.com/balanced-match/-/balanced-match-1.0.2.tgz"
    "version" "1.0.2"
  
  "base64-js@^1.3.1":
    "integrity" "sha512-AKpaYlHn8t4SVbOHCy+b5+KKgvR4vrsD8vbvrbiQJps7fKDTkjkDry6ji0rUJjC0kzbNePLwzxq8iypo41qeWA=="
    "resolved" "https://registry.yarnpkg.com/base64-js/-/base64-js-1.5.1.tgz"
    "version" "1.5.1"
  
  "bignumber.js@9.0.0":
    "integrity" "sha512-t/OYhhJ2SD+YGBQcjY8GzzDHEk9f3nerxjtfa6tlMXfe7frs/WozhvCNoGvpM0P3bNf3Gq5ZRMlGr5f3r4/N8A=="
    "resolved" "https://registry.yarnpkg.com/bignumber.js/-/bignumber.js-9.0.0.tgz"
    "version" "9.0.0"
  
  "bl@^2.2.1":
    "integrity" "sha512-6Pesp1w0DEX1N550i/uGV/TqucVL4AM/pgThFSN/Qq9si1/DF9aIHs1BxD8V/QU0HoeHO6cQRTAuYnLPKq1e4g=="
    "resolved" "https://registry.yarnpkg.com/bl/-/bl-2.2.1.tgz"
    "version" "2.2.1"
    dependencies:
      "readable-stream" "^2.3.5"
      "safe-buffer" "^5.1.1"
  
  "bl@^4.0.2":
    "integrity" "sha512-1W07cM9gS6DcLperZfFSj+bWLtaPGSOHWhPiGzXmvVJbRLdG82sH/Kn8EtW1VqWVA54AKf2h5k5BbnIbwF3h6w=="
    "resolved" "https://registry.yarnpkg.com/bl/-/bl-4.1.0.tgz"
    "version" "4.1.0"
    dependencies:
      "buffer" "^5.5.0"
      "inherits" "^2.0.4"
      "readable-stream" "^3.4.0"
  
  "bl@^4.0.3":
    "integrity" "sha512-1W07cM9gS6DcLperZfFSj+bWLtaPGSOHWhPiGzXmvVJbRLdG82sH/Kn8EtW1VqWVA54AKf2h5k5BbnIbwF3h6w=="
    "resolved" "https://registry.npmjs.org/bl/-/bl-4.1.0.tgz"
    "version" "4.1.0"
    dependencies:
      "buffer" "^5.5.0"
      "inherits" "^2.0.4"
      "readable-stream" "^3.4.0"
  
  "bluebird@^3.5.1":
    "integrity" "sha512-XpNj6GDQzdfW+r2Wnn7xiSAd7TM3jzkxGXBGTtWKuSXv1xUV+azxAm8jdWZN06QTQk+2N2XB9jRDkvbmQmcRtg=="
    "resolved" "https://registry.yarnpkg.com/bluebird/-/bluebird-3.7.2.tgz"
    "version" "3.7.2"
  
  "bluebird@3.5.1":
    "integrity" "sha512-MKiLiV+I1AA596t9w1sQJ8jkiSr5+ZKi0WKrYGUn6d1Fx+Ij4tIj+m2WMQSGczs5jZVxV339chE8iwk6F64wjA=="
    "resolved" "https://registry.yarnpkg.com/bluebird/-/bluebird-3.5.1.tgz"
    "version" "3.5.1"
  
  "body-parser@^1.19.0":
    "integrity" "sha512-8ljfQi5eBk8EJfECMrgqNGWPEY5jWP+1IzkzkGdFFEwFQZZyaZ21UqdaHktgiMlH0xLHqIFtE/u2OYE5dOtViA=="
    "resolved" "https://registry.yarnpkg.com/body-parser/-/body-parser-1.19.1.tgz"
    "version" "1.19.1"
    dependencies:
      "bytes" "3.1.1"
      "content-type" "~1.0.4"
      "debug" "2.6.9"
      "depd" "~1.1.2"
      "http-errors" "1.8.1"
      "iconv-lite" "0.4.24"
      "on-finished" "~2.3.0"
      "qs" "6.9.6"
      "raw-body" "2.4.2"
      "type-is" "~1.6.18"
  
  "body-parser@1.19.0":
    "integrity" "sha512-dhEPs72UPbDnAQJ9ZKMNTP6ptJaionhP5cBb541nXPlW60Jepo9RV/a4fX4XWW9CuFNK22krhrj1+rgzifNCsw=="
    "resolved" "https://registry.yarnpkg.com/body-parser/-/body-parser-1.19.0.tgz"
    "version" "1.19.0"
    dependencies:
      "bytes" "3.1.0"
      "content-type" "~1.0.4"
      "debug" "2.6.9"
      "depd" "~1.1.2"
      "http-errors" "1.7.2"
      "iconv-lite" "0.4.24"
      "on-finished" "~2.3.0"
      "qs" "6.7.0"
      "raw-body" "2.4.0"
      "type-is" "~1.6.17"
  
  "brace-expansion@^1.1.7":
    "integrity" "sha512-iCuPHDFgrHX7H2vEI/5xpz07zSHB00TpugqhmYtVmMO6518mCuRMoOYFldEBl0g187ufozdaHgWKcYFb61qGiA=="
    "resolved" "https://registry.yarnpkg.com/brace-expansion/-/brace-expansion-1.1.11.tgz"
    "version" "1.1.11"
    dependencies:
      "balanced-match" "^1.0.0"
      "concat-map" "0.0.1"
  
  "bson@*":
    "integrity" "sha512-8jw1NU1hglS+Da1jDOUYuNcBJ4cNHCFIqzlwoFNnsTOg2R/ox0aTYcTiBN4dzRa9q7Cvy6XErh3L8ReTEb9AQQ=="
    "resolved" "https://registry.yarnpkg.com/bson/-/bson-4.6.0.tgz"
    "version" "4.6.0"
    dependencies:
      "buffer" "^5.6.0"
  
  "bson@^1.1.4":
    "integrity" "sha512-EvVNVeGo4tHxwi8L6bPj3y3itEvStdwvvlojVxxbyYfoaxJ6keLgrTuKdyfEAszFK+H3olzBuafE0yoh0D1gdg=="
    "resolved" "https://registry.yarnpkg.com/bson/-/bson-1.1.6.tgz"
    "version" "1.1.6"
  
  "buffer-crc32@~0.2.3":
    "integrity" "sha1-DTM+PwDqxQqhRUq9MO+MKl2ackI="
    "resolved" "https://registry.yarnpkg.com/buffer-crc32/-/buffer-crc32-0.2.13.tgz"
    "version" "0.2.13"
  
  "buffer-from@^1.0.0":
    "integrity" "sha512-E+XQCRwSbaaiChtv6k6Dwgc+bx+Bs6vuKJHHl5kox/BaKbhiXzqQOwK4cO22yElGp2OCmjwVhT3HmxgyPGnJfQ=="
    "resolved" "https://registry.yarnpkg.com/buffer-from/-/buffer-from-1.1.2.tgz"
    "version" "1.1.2"
  
  "buffer@^5.5.0", "buffer@^5.6.0":
    "integrity" "sha512-EHcyIPBQ4BSGlvjB16k5KgAJ27CIsHY/2JBmCRReo48y9rQ3MaUzWX3KVlBa4U7MyX02HdVj0K7C3WaB3ju7FQ=="
    "resolved" "https://registry.yarnpkg.com/buffer/-/buffer-5.7.1.tgz"
    "version" "5.7.1"
    dependencies:
      "base64-js" "^1.3.1"
      "ieee754" "^1.1.13"
  
  "busboy@^0.2.11":
    "integrity" "sha1-bCpiLvz0fFe7vh4qnDetNseSVFM="
    "resolved" "https://registry.yarnpkg.com/busboy/-/busboy-0.2.14.tgz"
    "version" "0.2.14"
    dependencies:
      "dicer" "0.2.5"
      "readable-stream" "1.1.x"
  
  "busboy@^0.3.1":
    "integrity" "sha512-y7tTxhGKXcyBxRKAni+awqx8uqaJKrSFSNFSeRG5CsWNdmy2BIK+6VGWEW7TZnIO/533mtMEA4rOevQV815YJw=="
    "resolved" "https://registry.yarnpkg.com/busboy/-/busboy-0.3.1.tgz"
    "version" "0.3.1"
    dependencies:
      "dicer" "0.3.0"
  
  "bytes@3.1.0":
    "integrity" "sha512-zauLjrfCG+xvoyaqLoV8bLVXXNGC4JqlxFCutSDWA6fJrTo2ZuvLYTqZ7aHBLZSMOopbzwv8f+wZcVzfVTI2Dg=="
    "resolved" "https://registry.yarnpkg.com/bytes/-/bytes-3.1.0.tgz"
    "version" "3.1.0"
  
  "bytes@3.1.1":
    "integrity" "sha512-dWe4nWO/ruEOY7HkUJ5gFt1DCFV9zPRoJr8pV0/ASQermOZjtq8jMjOprC0Kd10GLN+l7xaUPvxzJFWtxGu8Fg=="
    "resolved" "https://registry.yarnpkg.com/bytes/-/bytes-3.1.1.tgz"
    "version" "3.1.1"
  
  "chalk@^2.4.1":
    "integrity" "sha512-Mti+f9lpJNcwF4tWV8/OrTTtF1gZi+f8FqlyAdouralcFWFQWF2+NgCHShjkCb+IFBLq9buZwE1xckQU4peSuQ=="
    "resolved" "https://registry.yarnpkg.com/chalk/-/chalk-2.4.2.tgz"
    "version" "2.4.2"
    dependencies:
      "ansi-styles" "^3.2.1"
      "escape-string-regexp" "^1.0.5"
      "supports-color" "^5.3.0"
  
  "chownr@^1.1.1":
    "integrity" "sha512-jJ0bqzaylmJtVnNgzTeSOs8DPavpbYgEr/b0YL8/2GO3xJEhInFmhKMUnEJQjZumK7KXGFhUy89PrsJWlakBVg=="
    "resolved" "https://registry.npmjs.org/chownr/-/chownr-1.1.4.tgz"
    "version" "1.1.4"
  
  "code-point-at@^1.0.0":
    "integrity" "sha1-DQcLTQQ6W+ozovGkDi7bPZpMz3c="
    "resolved" "https://registry.npmjs.org/code-point-at/-/code-point-at-1.1.0.tgz"
    "version" "1.1.0"
  
  "color-convert@^1.9.0":
    "integrity" "sha512-QfAUtd+vFdAtFQcC8CCyYt1fYWxSqAiK2cSD6zDB8N3cpsEBAvRxp9zOGg6G/SHHJYAT88/az/IuDGALsNVbGg=="
    "resolved" "https://registry.yarnpkg.com/color-convert/-/color-convert-1.9.3.tgz"
    "version" "1.9.3"
    dependencies:
      "color-name" "1.1.3"
  
  "color-convert@^2.0.1":
    "integrity" "sha512-RRECPsj7iu/xb5oKYcsFHSppFNnsj/52OVTRKb4zP5onXwVF3zVmmToNcOfGC+CRDpfK/U584fMg38ZHCaElKQ=="
    "resolved" "https://registry.npmjs.org/color-convert/-/color-convert-2.0.1.tgz"
    "version" "2.0.1"
    dependencies:
      "color-name" "~1.1.4"
  
  "color-name@^1.0.0", "color-name@1.1.3":
    "integrity" "sha1-p9BVi9icQveV3UIyj3QIMcpTvCU="
    "resolved" "https://registry.yarnpkg.com/color-name/-/color-name-1.1.3.tgz"
    "version" "1.1.3"
  
  "color-name@~1.1.4":
    "integrity" "sha512-dOy+3AuW3a2wNbZHIuMZpTcgjGuLU/uBL/ubcZF9OXbDo8ff4O8yVp5Bf0efS8uEoYo5q4Fx7dY9OgQGXgAsQA=="
    "resolved" "https://registry.npmjs.org/color-name/-/color-name-1.1.4.tgz"
    "version" "1.1.4"
  
  "color-string@^1.9.0":
    "integrity" "sha512-9Mrz2AQLefkH1UvASKj6v6hj/7eWgjnT/cVsR8CumieLoT+g900exWeNogqtweI8dxloXN9BDQTYro1oWu/5CQ=="
    "resolved" "https://registry.npmjs.org/color-string/-/color-string-1.9.0.tgz"
    "version" "1.9.0"
    dependencies:
      "color-name" "^1.0.0"
      "simple-swizzle" "^0.2.2"
  
  "color@^4.0.1":
    "integrity" "sha512-o2rkkxyLGgYoeUy1OodXpbPAQNmlNBrirQ8ODO8QutzDiDMNdezSOZLNnusQ6pUpCQJUsaJIo9DZJKqa2HgH7A=="
    "resolved" "https://registry.npmjs.org/color/-/color-4.1.0.tgz"
    "version" "4.1.0"
    dependencies:
      "color-convert" "^2.0.1"
      "color-string" "^1.9.0"
  
  "commander@^2.19.0":
    "integrity" "sha512-GpVkmM8vF2vQUkj2LvZmD35JxeJOLCwJ9cUkugyk2nuhbv3+mJvpLYYt+0+USMxE+oj+ey/lJEnhZw75x/OMcQ=="
    "resolved" "https://registry.yarnpkg.com/commander/-/commander-2.20.3.tgz"
    "version" "2.20.3"
  
  "commist@^1.0.0":
    "integrity" "sha512-rraC8NXWOEjhADbZe9QBNzLAN5Q3fsTPQtBV+fEVj6xKIgDgNiEVE6ZNfHpZOqfQ21YUzfVNUXLOEZquYvQPPg=="
    "resolved" "https://registry.yarnpkg.com/commist/-/commist-1.1.0.tgz"
    "version" "1.1.0"
    dependencies:
      "leven" "^2.1.0"
      "minimist" "^1.1.0"
  
  "concat-map@0.0.1":
    "integrity" "sha1-2Klr13/Wjfd5OnMDajug1UBdR3s="
    "resolved" "https://registry.yarnpkg.com/concat-map/-/concat-map-0.0.1.tgz"
    "version" "0.0.1"
  
  "concat-stream@^1.5.2", "concat-stream@^1.6.2":
    "integrity" "sha512-27HBghJxjiZtIk3Ycvn/4kbJk/1uZuJFfuPEns6LaEvpvG1f0hTea8lilrouyo9mVc2GWdcEZ8OLoGmSADlrCw=="
    "resolved" "https://registry.yarnpkg.com/concat-stream/-/concat-stream-1.6.2.tgz"
    "version" "1.6.2"
    dependencies:
      "buffer-from" "^1.0.0"
      "inherits" "^2.0.3"
      "readable-stream" "^2.2.2"
      "typedarray" "^0.0.6"
  
  "concat-stream@^2.0.0":
    "integrity" "sha512-MWufYdFw53ccGjCA+Ol7XJYpAlW6/prSMzuPOTRnJGcGzuhLn4Scrz7qf6o8bROZ514ltazcIFJZevcfbo0x7A=="
    "resolved" "https://registry.yarnpkg.com/concat-stream/-/concat-stream-2.0.0.tgz"
    "version" "2.0.0"
    dependencies:
      "buffer-from" "^1.0.0"
      "inherits" "^2.0.3"
      "readable-stream" "^3.0.2"
      "typedarray" "^0.0.6"
  
  "console-control-strings@^1.0.0", "console-control-strings@~1.1.0":
    "integrity" "sha1-PXz0Rk22RG6mRL9LOVB/mFEAjo4="
    "resolved" "https://registry.npmjs.org/console-control-strings/-/console-control-strings-1.1.0.tgz"
    "version" "1.1.0"
  
  "content-disposition@0.5.3":
    "integrity" "sha512-ExO0774ikEObIAEV9kDo50o+79VCUdEB6n6lzKgGwupcVeRlhrj3qGAfwq8G6uBJjkqLrhT0qEYFcWng8z1z0g=="
    "resolved" "https://registry.yarnpkg.com/content-disposition/-/content-disposition-0.5.3.tgz"
    "version" "0.5.3"
    dependencies:
      "safe-buffer" "5.1.2"
  
  "content-type@~1.0.4":
    "integrity" "sha512-hIP3EEPs8tB9AT1L+NUqtwOAps4mk2Zob89MWXMHjHWg9milF/j4osnnQLXBCBFBk/tvIG/tUc9mOUJiPBhPXA=="
    "resolved" "https://registry.yarnpkg.com/content-type/-/content-type-1.0.4.tgz"
    "version" "1.0.4"
  
  "convert-svg-core@^0.5.0":
    "integrity" "sha512-V30vm5h4sHjmjyAr7o/gYAEmdEIsi0sLKKbDigSxplovCzMHTERXSikIOgA8xSllHh0c4gHYP55Pxwgtu9O+3w=="
    "resolved" "https://registry.yarnpkg.com/convert-svg-core/-/convert-svg-core-0.5.0.tgz"
    "version" "0.5.0"
    dependencies:
      "chalk" "^2.4.1"
      "commander" "^2.19.0"
      "file-url" "^2.0.2"
      "get-stdin" "^6.0.0"
      "glob" "^7.1.3"
      "lodash.omit" "^4.5.0"
      "lodash.pick" "^4.4.0"
      "pollock" "^0.2.0"
      "puppeteer" "^1.10.0"
      "tmp" "0.0.33"
  
  "convert-svg-to-png@^0.5.0":
    "integrity" "sha512-Pzg2IEirPdN/VXovG9NY8H5Ww3PUEohMcyu9a11E0G0/oVcbPLWQYE3/S6mxpjidqzYr1i5iKLTKCiU9hctKFQ=="
    "resolved" "https://registry.yarnpkg.com/convert-svg-to-png/-/convert-svg-to-png-0.5.0.tgz"
    "version" "0.5.0"
    dependencies:
      "convert-svg-core" "^0.5.0"
  
  "cookie-signature@1.0.6":
    "integrity" "sha1-4wOogrNCzD7oylE6eZmXNNqzriw="
    "resolved" "https://registry.yarnpkg.com/cookie-signature/-/cookie-signature-1.0.6.tgz"
    "version" "1.0.6"
  
  "cookie@0.4.0":
    "integrity" "sha512-+Hp8fLp57wnUSt0tY0tHEXh4voZRDnoIrZPqlo3DPiI4y9lwg/jqx+1Om94/W6ZaPDOUbnjOt/99w66zk+l1Xg=="
    "resolved" "https://registry.yarnpkg.com/cookie/-/cookie-0.4.0.tgz"
    "version" "0.4.0"
  
  "core-util-is@~1.0.0":
    "integrity" "sha512-ZQBvi1DcpJ4GDqanjucZ2Hj3wEO5pZDS89BWbkcrvdxksJorwUDDZamX9ldFkp9aw2lmBDLgkObEA4DWNJ9FYQ=="
    "resolved" "https://registry.yarnpkg.com/core-util-is/-/core-util-is-1.0.3.tgz"
    "version" "1.0.3"
  
  "cors@^2.8.5":
    "integrity" "sha512-KIHbLJqu73RGr/hnbrO9uBeixNGuvSQjul/jdFvS/KFSIH1hWVd1ng7zOHx+YrEfInLG7q4n6GHQ9cDtxv/P6g=="
    "resolved" "https://registry.yarnpkg.com/cors/-/cors-2.8.5.tgz"
    "version" "2.8.5"
    dependencies:
      "object-assign" "^4"
      "vary" "^1"
  
  "debug@^2.6.9", "debug@2.6.9":
    "integrity" "sha512-bC7ElrdJaJnPbAP+1EotYvqZsb3ecl5wi6Bfi6BJTUcNowp6cvspg0jXznRTKDjm/E7AdgFBVeAPVMNcKGsHMA=="
    "resolved" "https://registry.yarnpkg.com/debug/-/debug-2.6.9.tgz"
    "version" "2.6.9"
    dependencies:
      "ms" "2.0.0"
  
  "debug@^3.1.0":
    "integrity" "sha512-CFjzYYAi4ThfiQvizrFQevTTXHtnCqWfe7x1AhgEscTz6ZbLbfoLRLPugTQyBth6f8ZERVUSyWHFD/7Wu4t1XQ=="
    "resolved" "https://registry.yarnpkg.com/debug/-/debug-3.2.7.tgz"
    "version" "3.2.7"
    dependencies:
      "ms" "^2.1.1"
  
  "debug@^4.1.0":
    "integrity" "sha512-/zxw5+vh1Tfv+4Qn7a5nsbcJKPaSvCDhojn6FEl9vupwK2VCSDtEiEtqr8DFtzYFOdz63LBkxec7DYuc2jon6Q=="
    "resolved" "https://registry.yarnpkg.com/debug/-/debug-4.3.3.tgz"
    "version" "4.3.3"
    dependencies:
      "ms" "2.1.2"
  
  "debug@^4.1.1":
    "integrity" "sha512-/zxw5+vh1Tfv+4Qn7a5nsbcJKPaSvCDhojn6FEl9vupwK2VCSDtEiEtqr8DFtzYFOdz63LBkxec7DYuc2jon6Q=="
    "resolved" "https://registry.yarnpkg.com/debug/-/debug-4.3.3.tgz"
    "version" "4.3.3"
    dependencies:
      "ms" "2.1.2"
  
  "debug@3.1.0":
    "integrity" "sha512-OX8XqP7/1a9cqkxYw2yXss15f26NKWBpDXQd0/uK/KPqdQhxbPa994hnzjcE2VqQpDslf55723cKPUOGSmMY3g=="
    "resolved" "https://registry.yarnpkg.com/debug/-/debug-3.1.0.tgz"
    "version" "3.1.0"
    dependencies:
      "ms" "2.0.0"
  
  "decompress-response@^6.0.0":
    "integrity" "sha512-aW35yZM6Bb/4oJlZncMH2LCoZtJXTRxES17vE3hoRiowU2kWHaJKFkSBDnDR+cm9J+9QhXmREyIfv0pji9ejCQ=="
    "resolved" "https://registry.npmjs.org/decompress-response/-/decompress-response-6.0.0.tgz"
    "version" "6.0.0"
    dependencies:
      "mimic-response" "^3.1.0"
  
  "deep-extend@^0.6.0":
    "integrity" "sha512-LOHxIOaPYdHlJRtCQfDIVZtfw/ufM8+rVj649RIHzcm/vGwQRXFt6OPqIFWsm2XEMrNIEtWR64sY1LEKD2vAOA=="
    "resolved" "https://registry.npmjs.org/deep-extend/-/deep-extend-0.6.0.tgz"
    "version" "0.6.0"
  
  "delegates@^1.0.0":
    "integrity" "sha1-hMbhWbgZBP3KWaDvRM2HDTElD5o="
    "resolved" "https://registry.npmjs.org/delegates/-/delegates-1.0.0.tgz"
    "version" "1.0.0"
  
  "denque@^1.4.1", "denque@^1.5.0":
    "integrity" "sha512-XwE+iZ4D6ZUB7mfYRMb5wByE8L74HCn30FBN7sWnXksWc1LO1bPDl67pBR9o/kC4z/xSNAwkMYcGgqDV3BE3Hw=="
    "resolved" "https://registry.yarnpkg.com/denque/-/denque-1.5.1.tgz"
    "version" "1.5.1"
  
  "depd@~1.1.2":
    "integrity" "sha1-m81S4UwJd2PnSbJ0xDRu0uVgtak="
    "resolved" "https://registry.yarnpkg.com/depd/-/depd-1.1.2.tgz"
    "version" "1.1.2"
  
  "destroy@~1.0.4":
    "integrity" "sha1-l4hXRCxEdJ5CBmE+N5RiBYJqvYA="
    "resolved" "https://registry.yarnpkg.com/destroy/-/destroy-1.0.4.tgz"
    "version" "1.0.4"
  
  "detect-libc@^1.0.3":
    "integrity" "sha1-+hN8S9aY7fVc1c0CrFWfkaTEups="
    "resolved" "https://registry.npmjs.org/detect-libc/-/detect-libc-1.0.3.tgz"
    "version" "1.0.3"
  
  "dicer@0.2.5":
    "integrity" "sha1-WZbAhrszIYyBLAkL3cCc0S+stw8="
    "resolved" "https://registry.yarnpkg.com/dicer/-/dicer-0.2.5.tgz"
    "version" "0.2.5"
    dependencies:
      "readable-stream" "1.1.x"
      "streamsearch" "0.1.2"
  
  "dicer@0.3.0":
    "integrity" "sha512-MdceRRWqltEG2dZqO769g27N/3PXfcKl04VhYnBlo2YhH7zPi88VebsjTKclaOyiuMaGU72hTfw3VkUitGcVCA=="
    "resolved" "https://registry.yarnpkg.com/dicer/-/dicer-0.3.0.tgz"
    "version" "0.3.0"
    dependencies:
      "streamsearch" "0.1.2"
  
  "diff@^5.0.0":
    "integrity" "sha512-/VTCrvm5Z0JGty/BWHljh+BAiw3IK+2j87NGMu8Nwc/f48WoDAC395uomO9ZD117ZOBaHmkX1oyLvkVM/aIT3w=="
    "resolved" "https://registry.yarnpkg.com/diff/-/diff-5.0.0.tgz"
    "version" "5.0.0"
  
  "dotenv@^8.2.0":
    "integrity" "sha512-IrPdXQsk2BbzvCBGBOTmmSH5SodmqZNt4ERAZDmW4CT+tL8VtvinqywuANaFu4bOMWki16nqf0e4oC0QIaDr/g=="
    "resolved" "https://registry.yarnpkg.com/dotenv/-/dotenv-8.6.0.tgz"
    "version" "8.6.0"
  
  "duplexify@^4.1.1":
    "integrity" "sha512-fz3OjcNCHmRP12MJoZMPglx8m4rrFP8rovnk4vT8Fs+aonZoCwGg10dSsQsfP/E62eZcPTMSMP6686fu9Qlqtw=="
    "resolved" "https://registry.yarnpkg.com/duplexify/-/duplexify-4.1.2.tgz"
    "version" "4.1.2"
    dependencies:
      "end-of-stream" "^1.4.1"
      "inherits" "^2.0.3"
      "readable-stream" "^3.1.1"
      "stream-shift" "^1.0.0"
  
  "ee-first@1.1.1":
    "integrity" "sha1-WQxhFWsK4vTwJVcyoViyZrxWsh0="
    "resolved" "https://registry.yarnpkg.com/ee-first/-/ee-first-1.1.1.tgz"
    "version" "1.1.1"
  
  "encodeurl@~1.0.2":
    "integrity" "sha1-rT/0yG7C0CkyL1oCw6mmBslbP1k="
    "resolved" "https://registry.yarnpkg.com/encodeurl/-/encodeurl-1.0.2.tgz"
    "version" "1.0.2"
  
  "end-of-stream@^1.1.0", "end-of-stream@^1.4.1":
    "integrity" "sha512-+uw1inIHVPQoaVuHzRyXd21icM+cnt4CzD5rW+NC1wjOUSTOs+Te7FOv7AhN7vS9x/oIyhLP5PR1H+phQAHu5Q=="
    "resolved" "https://registry.yarnpkg.com/end-of-stream/-/end-of-stream-1.4.4.tgz"
    "version" "1.4.4"
    dependencies:
      "once" "^1.4.0"
  
  "es6-promise@^4.0.3":
    "integrity" "sha512-HJDGx5daxeIvxdBxvG2cb9g4tEvwIk3i8+nhX0yGrYmZUzbkdg8QbDevheDB8gd0//uPj4c1EQua8Q+MViT0/w=="
    "resolved" "https://registry.yarnpkg.com/es6-promise/-/es6-promise-4.2.8.tgz"
    "version" "4.2.8"
  
  "es6-promisify@^5.0.0":
    "integrity" "sha1-UQnWLz5W6pZ8S2NQWu8IKRyKUgM="
    "resolved" "https://registry.yarnpkg.com/es6-promisify/-/es6-promisify-5.0.0.tgz"
    "version" "5.0.0"
    dependencies:
      "es6-promise" "^4.0.3"
  
  "escape-html@~1.0.3":
    "integrity" "sha1-Aljq5NPQwJdN4cFpGI7wBR0dGYg="
    "resolved" "https://registry.yarnpkg.com/escape-html/-/escape-html-1.0.3.tgz"
    "version" "1.0.3"
  
  "escape-string-regexp@^1.0.5":
    "integrity" "sha1-G2HAViGQqN/2rjuyzwIAyhMLhtQ="
    "resolved" "https://registry.yarnpkg.com/escape-string-regexp/-/escape-string-regexp-1.0.5.tgz"
    "version" "1.0.5"
  
  "etag@~1.8.1":
    "integrity" "sha1-Qa4u62XvpiJorr/qg6x9eSmbCIc="
    "resolved" "https://registry.yarnpkg.com/etag/-/etag-1.8.1.tgz"
    "version" "1.8.1"
  
  "expand-template@^2.0.3":
    "integrity" "sha512-XYfuKMvj4O35f/pOXLObndIRvyQ+/+6AhODh+OKWj9S9498pHHn/IMszH+gt0fBCRWMNfk1ZSp5x3AifmnI2vg=="
    "resolved" "https://registry.npmjs.org/expand-template/-/expand-template-2.0.3.tgz"
    "version" "2.0.3"
  
  "express-fileupload@^1.2.1":
    "integrity" "sha512-fWPNAkBj+Azt9Itmcz/Reqdg3LeBfaXptDEev2JM8bCC0yDptglCnlizhf0YZauyU5X/g6v7v4Xxqhg8tmEfEA=="
    "resolved" "https://registry.yarnpkg.com/express-fileupload/-/express-fileupload-1.2.1.tgz"
    "version" "1.2.1"
    dependencies:
      "busboy" "^0.3.1"
  
  "express@^4.17.1":
    "integrity" "sha512-mHJ9O79RqluphRrcw2X/GTh3k9tVv8YcoyY4Kkh4WDMUYKRZUq0h1o0w2rrrxBqM7VoeUVqgb27xlEMXTnYt4g=="
    "resolved" "https://registry.yarnpkg.com/express/-/express-4.17.1.tgz"
    "version" "4.17.1"
    dependencies:
      "accepts" "~1.3.7"
      "array-flatten" "1.1.1"
      "body-parser" "1.19.0"
      "content-disposition" "0.5.3"
      "content-type" "~1.0.4"
      "cookie" "0.4.0"
      "cookie-signature" "1.0.6"
      "debug" "2.6.9"
      "depd" "~1.1.2"
      "encodeurl" "~1.0.2"
      "escape-html" "~1.0.3"
      "etag" "~1.8.1"
      "finalhandler" "~1.1.2"
      "fresh" "0.5.2"
      "merge-descriptors" "1.0.1"
      "methods" "~1.1.2"
      "on-finished" "~2.3.0"
      "parseurl" "~1.3.3"
      "path-to-regexp" "0.1.7"
      "proxy-addr" "~2.0.5"
      "qs" "6.7.0"
      "range-parser" "~1.2.1"
      "safe-buffer" "5.1.2"
      "send" "0.17.1"
      "serve-static" "1.14.1"
      "setprototypeof" "1.1.1"
      "statuses" "~1.5.0"
      "type-is" "~1.6.18"
      "utils-merge" "1.0.1"
      "vary" "~1.1.2"
  
  "extract-zip@^1.6.6":
    "integrity" "sha512-xoh5G1W/PB0/27lXgMQyIhP5DSY/LhoCsOyZgb+6iMmRtCwVBo55uKaMoEYrDCKQhWvqEip5ZPKAc6eFNyf/MA=="
    "resolved" "https://registry.yarnpkg.com/extract-zip/-/extract-zip-1.7.0.tgz"
    "version" "1.7.0"
    dependencies:
      "concat-stream" "^1.6.2"
      "debug" "^2.6.9"
      "mkdirp" "^0.5.4"
      "yauzl" "^2.10.0"
  
  "fd-slicer@~1.1.0":
    "integrity" "sha1-JcfInLH5B3+IkbvmHY85Dq4lbx4="
    "resolved" "https://registry.yarnpkg.com/fd-slicer/-/fd-slicer-1.1.0.tgz"
    "version" "1.1.0"
    dependencies:
      "pend" "~1.2.0"
  
  "file-url@^2.0.2":
    "integrity" "sha1-6VF4TXkJUSfTcTApqwY/QIGMoq4="
    "resolved" "https://registry.yarnpkg.com/file-url/-/file-url-2.0.2.tgz"
    "version" "2.0.2"
  
  "finalhandler@~1.1.2":
    "integrity" "sha512-aAWcW57uxVNrQZqFXjITpW3sIUQmHGG3qSb9mUah9MgMC4NeWhNOlNjXEYq3HjRAvL6arUviZGGJsBg6z0zsWA=="
    "resolved" "https://registry.yarnpkg.com/finalhandler/-/finalhandler-1.1.2.tgz"
    "version" "1.1.2"
    dependencies:
      "debug" "2.6.9"
      "encodeurl" "~1.0.2"
      "escape-html" "~1.0.3"
      "on-finished" "~2.3.0"
      "parseurl" "~1.3.3"
      "statuses" "~1.5.0"
      "unpipe" "~1.0.0"
  
  "flat@^5.0.2":
    "integrity" "sha512-b6suED+5/3rTpUBdG1gupIl8MPFCAMA0QXwmljLhvCUKcUvdE4gWky9zpuGCcXHOsz4J9wPGNWq6OKpmIzz3hQ=="
    "resolved" "https://registry.yarnpkg.com/flat/-/flat-5.0.2.tgz"
    "version" "5.0.2"
  
  "formidable@^1.2.2":
    "integrity" "sha512-KcpbcpuLNOwrEjnbpMC0gS+X8ciDoZE1kkqzat4a8vrprf+s9pKNQ/QIwWfbfs4ltgmFl3MD177SNTkve3BwGQ=="
    "resolved" "https://registry.yarnpkg.com/formidable/-/formidable-1.2.6.tgz"
    "version" "1.2.6"
  
  "forwarded@0.2.0":
    "integrity" "sha512-buRG0fpBtRHSTCOASe6hD258tEubFoRLb4ZNA6NxMVHNw2gOcwHo9wyablzMzOA5z9xA9L1KNjk/Nt6MT9aYow=="
    "resolved" "https://registry.yarnpkg.com/forwarded/-/forwarded-0.2.0.tgz"
    "version" "0.2.0"
  
  "fresh@0.5.2":
    "integrity" "sha1-PYyt2Q2XZWn6g1qx+OSyOhBWBac="
    "resolved" "https://registry.yarnpkg.com/fresh/-/fresh-0.5.2.tgz"
    "version" "0.5.2"
  
  "fs-constants@^1.0.0":
    "integrity" "sha512-y6OAwoSIf7FyjMIv94u+b5rdheZEjzR63GTyZJm5qh4Bi+2YgwLCcI/fPFZkL5PSixOt6ZNKm+w+Hfp/Bciwow=="
    "resolved" "https://registry.npmjs.org/fs-constants/-/fs-constants-1.0.0.tgz"
    "version" "1.0.0"
  
  "fs.realpath@^1.0.0":
    "integrity" "sha1-FQStJSMVjKpA20onh8sBQRmU6k8="
    "resolved" "https://registry.yarnpkg.com/fs.realpath/-/fs.realpath-1.0.0.tgz"
    "version" "1.0.0"
  
  "gauge@~2.7.3":
    "integrity" "sha1-LANAXHU4w51+s3sxcCLjJfsBi/c="
    "resolved" "https://registry.npmjs.org/gauge/-/gauge-2.7.4.tgz"
    "version" "2.7.4"
    dependencies:
      "aproba" "^1.0.3"
      "console-control-strings" "^1.0.0"
      "has-unicode" "^2.0.0"
      "object-assign" "^4.1.0"
      "signal-exit" "^3.0.0"
      "string-width" "^1.0.1"
      "strip-ansi" "^3.0.1"
      "wide-align" "^1.1.0"
  
  "get-stdin@^6.0.0":
    "integrity" "sha512-jp4tHawyV7+fkkSKyvjuLZswblUtz+SQKzSWnBbii16BuZksJlU1wuBYXY75r+duh/llF1ur6oNwi+2ZzjKZ7g=="
    "resolved" "https://registry.yarnpkg.com/get-stdin/-/get-stdin-6.0.0.tgz"
    "version" "6.0.0"
  
  "github-from-package@0.0.0":
    "integrity" "sha1-l/tdlr/eiXMxPyDoKI75oWf6ZM4="
    "resolved" "https://registry.npmjs.org/github-from-package/-/github-from-package-0.0.0.tgz"
    "version" "0.0.0"
  
  "glob@^7.1.3", "glob@^7.1.6":
    "integrity" "sha512-lmLf6gtyrPq8tTjSmrO94wBeQbFR3HbLHbuyD69wuyQkImp2hWqMGB47OX65FBkPffO641IP9jWa1z4ivqG26Q=="
    "resolved" "https://registry.yarnpkg.com/glob/-/glob-7.2.0.tgz"
    "version" "7.2.0"
    dependencies:
      "fs.realpath" "^1.0.0"
      "inflight" "^1.0.4"
      "inherits" "2"
      "minimatch" "^3.0.4"
      "once" "^1.3.0"
      "path-is-absolute" "^1.0.0"
  
  "has-flag@^3.0.0":
    "integrity" "sha1-tdRU3CGZriJWmfNGfloH87lVuv0="
    "resolved" "https://registry.yarnpkg.com/has-flag/-/has-flag-3.0.0.tgz"
    "version" "3.0.0"
  
  "has-unicode@^2.0.0":
    "integrity" "sha1-4Ob+aijPUROIVeCG0Wkedx3iqLk="
    "resolved" "https://registry.npmjs.org/has-unicode/-/has-unicode-2.0.1.tgz"
    "version" "2.0.1"
  
  "help-me@^3.0.0":
    "integrity" "sha512-hx73jClhyk910sidBB7ERlnhMlFsJJIBqSVMFDwPN8o2v9nmp5KgLq1Xz1Bf1fCMMZ6mPrX159iG0VLy/fPMtQ=="
    "resolved" "https://registry.yarnpkg.com/help-me/-/help-me-3.0.0.tgz"
    "version" "3.0.0"
    dependencies:
      "glob" "^7.1.6"
      "readable-stream" "^3.6.0"
  
  "http-errors@~1.7.2":
    "integrity" "sha512-ZTTX0MWrsQ2ZAhA1cejAwDLycFsd7I7nVtnkT3Ol0aqodaKW+0CTZDQ1uBv5whptCnc8e8HeRRJxRs0kmm/Qfw=="
    "resolved" "https://registry.yarnpkg.com/http-errors/-/http-errors-1.7.3.tgz"
    "version" "1.7.3"
    dependencies:
      "depd" "~1.1.2"
      "inherits" "2.0.4"
      "setprototypeof" "1.1.1"
      "statuses" ">= 1.5.0 < 2"
      "toidentifier" "1.0.0"
  
  "http-errors@1.7.2":
    "integrity" "sha512-uUQBt3H/cSIVfch6i1EuPNy/YsRSOUBXTVfZ+yR7Zjez3qjBz6i9+i4zjNaoqcoFVI4lQJ5plg63TvGfRSDCRg=="
    "resolved" "https://registry.yarnpkg.com/http-errors/-/http-errors-1.7.2.tgz"
    "version" "1.7.2"
    dependencies:
      "depd" "~1.1.2"
      "inherits" "2.0.3"
      "setprototypeof" "1.1.1"
      "statuses" ">= 1.5.0 < 2"
      "toidentifier" "1.0.0"
  
  "http-errors@1.8.1":
    "integrity" "sha512-Kpk9Sm7NmI+RHhnj6OIWDI1d6fIoFAtFt9RLaTMRlg/8w49juAStsrBgp0Dp4OdxdVbRIeKhtCUvoi/RuAhO4g=="
    "resolved" "https://registry.yarnpkg.com/http-errors/-/http-errors-1.8.1.tgz"
    "version" "1.8.1"
    dependencies:
      "depd" "~1.1.2"
      "inherits" "2.0.4"
      "setprototypeof" "1.2.0"
      "statuses" ">= 1.5.0 < 2"
      "toidentifier" "1.0.1"
  
  "https-proxy-agent@^2.2.1":
    "integrity" "sha512-OmvfoQ53WLjtA9HeYP9RNrWMJzzAz1JGaSFr1nijg0PVR1JaD/xbJq1mdEIIlxGpXp9eSe/O2LgU9DJmTPd0Eg=="
    "resolved" "https://registry.yarnpkg.com/https-proxy-agent/-/https-proxy-agent-2.2.4.tgz"
    "version" "2.2.4"
    dependencies:
      "agent-base" "^4.3.0"
      "debug" "^3.1.0"
  
  "iconv-lite@0.4.24":
    "integrity" "sha512-v3MXnZAcvnywkTUEZomIActle7RXXeedOR31wwl7VlyoXO4Qi9arvSenNQWne1TcRwhCL1HwLI21bEqdpj8/rA=="
    "resolved" "https://registry.yarnpkg.com/iconv-lite/-/iconv-lite-0.4.24.tgz"
    "version" "0.4.24"
    dependencies:
      "safer-buffer" ">= 2.1.2 < 3"
  
  "ieee754@^1.1.13":
    "integrity" "sha512-dcyqhDvX1C46lXZcVqCpK+FtMRQVdIMN6/Df5js2zouUsqG7I6sFxitIC+7KYK29KdXOLHdu9zL4sFnoVQnqaA=="
    "resolved" "https://registry.yarnpkg.com/ieee754/-/ieee754-1.2.1.tgz"
    "version" "1.2.1"
  
  "inflight@^1.0.4":
    "integrity" "sha1-Sb1jMdfQLQwJvJEKEHW6gWW1bfk="
    "resolved" "https://registry.yarnpkg.com/inflight/-/inflight-1.0.6.tgz"
    "version" "1.0.6"
    dependencies:
      "once" "^1.3.0"
      "wrappy" "1"
  
  "inherits@^2.0.3", "inherits@^2.0.4", "inherits@~2.0.1", "inherits@~2.0.3", "inherits@2", "inherits@2.0.4":
    "integrity" "sha512-k/vGaX4/Yla3WzyMCvTQOXYeIHvqOKtnqBduzTHpzpQZzAskKMhZ2K+EnBiSM9zGSoIFeMpXKxa4dYeZIQqewQ=="
    "resolved" "https://registry.yarnpkg.com/inherits/-/inherits-2.0.4.tgz"
    "version" "2.0.4"
  
  "inherits@2.0.3":
    "integrity" "sha1-Yzwsg+PaQqUC9SRmAiSA9CCCYd4="
    "resolved" "https://registry.yarnpkg.com/inherits/-/inherits-2.0.3.tgz"
    "version" "2.0.3"
  
  "ini@~1.3.0":
    "integrity" "sha512-JV/yugV2uzW5iMRSiZAyDtQd+nxtUnjeLt0acNdw98kKLrvuRVyB80tsREOE7yvGVgalhZ6RNXCmEHkUKBKxew=="
    "resolved" "https://registry.npmjs.org/ini/-/ini-1.3.8.tgz"
    "version" "1.3.8"
  
  "ipaddr.js@1.9.1":
    "integrity" "sha512-0KI/607xoxSToH7GjN1FfSbLoU0+btTicjsQSWQlh/hZykN8KpmMf7uYwPW3R+akZ6R/w18ZlXSHBYXiYUPO3g=="
    "resolved" "https://registry.yarnpkg.com/ipaddr.js/-/ipaddr.js-1.9.1.tgz"
    "version" "1.9.1"
  
  "is-arrayish@^0.3.1":
    "integrity" "sha512-eVRqCvVlZbuw3GrM63ovNSNAeA1K16kaR/LRY/92w0zxQ5/1YzwblUX652i4Xs9RwAGjW9d9y6X88t8OaAJfWQ=="
    "resolved" "https://registry.npmjs.org/is-arrayish/-/is-arrayish-0.3.2.tgz"
    "version" "0.3.2"
  
  "is-fullwidth-code-point@^1.0.0":
    "integrity" "sha1-754xOG8DGn8NZDr4L95QxFfvAMs="
    "resolved" "https://registry.npmjs.org/is-fullwidth-code-point/-/is-fullwidth-code-point-1.0.0.tgz"
    "version" "1.0.0"
    dependencies:
      "number-is-nan" "^1.0.0"
  
  "isarray@~1.0.0":
    "integrity" "sha1-u5NdSFgsuhaMBoNJV6VKPgcSTxE="
    "resolved" "https://registry.yarnpkg.com/isarray/-/isarray-1.0.0.tgz"
    "version" "1.0.0"
  
  "isarray@0.0.1":
    "integrity" "sha1-ihis/Kmo9Bd+Cav8YDiTmwXR7t8="
    "resolved" "https://registry.yarnpkg.com/isarray/-/isarray-0.0.1.tgz"
    "version" "0.0.1"
  
  "kareem@2.3.2":
    "integrity" "sha512-STHz9P7X2L4Kwn72fA4rGyqyXdmrMSdxqHx9IXon/FXluXieaFA6KJ2upcHAHxQPQ0LeM/OjLrhFxifHewOALQ=="
    "resolved" "https://registry.yarnpkg.com/kareem/-/kareem-2.3.2.tgz"
    "version" "2.3.2"
  
  "leven@^2.1.0":
    "integrity" "sha1-wuep93IJTe6dNCAq6KzORoeHVYA="
    "resolved" "https://registry.yarnpkg.com/leven/-/leven-2.1.0.tgz"
    "version" "2.1.0"
  
  "lodash.omit@^4.5.0":
    "integrity" "sha1-brGa5aHuHdnfC5aeZs4Lf6MLXmA="
    "resolved" "https://registry.yarnpkg.com/lodash.omit/-/lodash.omit-4.5.0.tgz"
    "version" "4.5.0"
  
  "lodash.pick@^4.4.0":
    "integrity" "sha1-UvBWEP/53tQiYRRB7R/BI6AwAbM="
    "resolved" "https://registry.yarnpkg.com/lodash.pick/-/lodash.pick-4.4.0.tgz"
    "version" "4.4.0"
  
  "lru-cache@^6.0.0":
    "integrity" "sha512-Jo6dJ04CmSjuznwJSS3pUeWmd/H0ffTlkXXgwZi+eq1UCmqQwCh+eLsYOYCwY991i2Fah4h1BEMCx4qThGbsiA=="
    "resolved" "https://registry.npmjs.org/lru-cache/-/lru-cache-6.0.0.tgz"
    "version" "6.0.0"
    dependencies:
      "yallist" "^4.0.0"
  
  "media-typer@0.3.0":
    "integrity" "sha1-hxDXrwqmJvj/+hzgAWhUUmMlV0g="
    "resolved" "https://registry.yarnpkg.com/media-typer/-/media-typer-0.3.0.tgz"
    "version" "0.3.0"
  
  "memory-pager@^1.0.2":
    "integrity" "sha512-ZS4Bp4r/Zoeq6+NLJpP+0Zzm0pR8whtGPf1XExKLJBAczGMnSi3It14OiNCStjQjM6NU1okjQGSxgEZN8eBYKg=="
    "resolved" "https://registry.yarnpkg.com/memory-pager/-/memory-pager-1.5.0.tgz"
    "version" "1.5.0"
  
  "merge-descriptors@1.0.1":
    "integrity" "sha1-sAqqVW3YtEVoFQ7J0blT8/kMu2E="
    "resolved" "https://registry.yarnpkg.com/merge-descriptors/-/merge-descriptors-1.0.1.tgz"
    "version" "1.0.1"
  
  "methods@~1.1.2":
    "integrity" "sha1-VSmk1nZUE07cxSZmVoNbD4Ua/O4="
    "resolved" "https://registry.yarnpkg.com/methods/-/methods-1.1.2.tgz"
    "version" "1.1.2"
  
  "mime-db@1.51.0":
    "integrity" "sha512-5y8A56jg7XVQx2mbv1lu49NR4dokRnhZYTtL+KGfaa27uq4pSTXkwQkFJl4pkRMyNFz/EtYDSkiiEHx3F7UN6g=="
    "resolved" "https://registry.yarnpkg.com/mime-db/-/mime-db-1.51.0.tgz"
    "version" "1.51.0"
  
  "mime-types@~2.1.24":
    "integrity" "sha512-6cP692WwGIs9XXdOO4++N+7qjqv0rqxxVvJ3VHPh/Sc9mVZcQP+ZGhkKiTvWMQRr2tbHkJP/Yn7Y0npb3ZBs4A=="
    "resolved" "https://registry.yarnpkg.com/mime-types/-/mime-types-2.1.34.tgz"
    "version" "2.1.34"
    dependencies:
      "mime-db" "1.51.0"
  
  "mime@^2.0.3":
    "integrity" "sha512-USPkMeET31rOMiarsBNIHZKLGgvKc/LrjofAnBlOttf5ajRvqiRA8QsenbcooctK6d6Ts6aqZXBA+XbkKthiQg=="
    "resolved" "https://registry.yarnpkg.com/mime/-/mime-2.6.0.tgz"
    "version" "2.6.0"
  
  "mime@1.6.0":
    "integrity" "sha512-x0Vn8spI+wuJ1O6S7gnbaQg8Pxh4NNHb7KSINmEWKiPE4RKOplvijn+NkmYmmRgP68mc70j2EbeTFRsrswaQeg=="
    "resolved" "https://registry.yarnpkg.com/mime/-/mime-1.6.0.tgz"
    "version" "1.6.0"
  
  "mimic-response@^3.1.0":
    "integrity" "sha512-z0yWI+4FDrrweS8Zmt4Ej5HdJmky15+L2e6Wgn3+iK5fWzb6T3fhNFq2+MeTRb064c6Wr4N/wv0DzQTjNzHNGQ=="
    "resolved" "https://registry.npmjs.org/mimic-response/-/mimic-response-3.1.0.tgz"
    "version" "3.1.0"
  
  "minimatch@^3.0.4":
    "integrity" "sha512-yJHVQEhyqPLUTgt9B83PXu6W3rx4MvvHvSUvToogpwoGDOUQ+yDrR0HRot+yOCdCO7u4hX3pWft6kWBBcqh0UA=="
    "resolved" "https://registry.yarnpkg.com/minimatch/-/minimatch-3.0.4.tgz"
    "version" "3.0.4"
    dependencies:
      "brace-expansion" "^1.1.7"
  
  "minimist@^1.1.0", "minimist@^1.2.0", "minimist@^1.2.3", "minimist@^1.2.5":
    "integrity" "sha512-FM9nNUYrRBAELZQT3xeZQ7fmMOBg6nWNmJKTcgsJeaLstP/UODVpGsr5OhXhhXg6f+qtJ8uiZ+PUxkDWcgIXLw=="
    "resolved" "https://registry.yarnpkg.com/minimist/-/minimist-1.2.5.tgz"
    "version" "1.2.5"
  
  "mkdirp-classic@^0.5.2", "mkdirp-classic@^0.5.3":
    "integrity" "sha512-gKLcREMhtuZRwRAfqP3RFW+TK4JqApVBtOIftVgjuABpAtpxhPGaDcfvbhNvD0B8iD1oUr/txX35NjcaY6Ns/A=="
    "resolved" "https://registry.npmjs.org/mkdirp-classic/-/mkdirp-classic-0.5.3.tgz"
    "version" "0.5.3"
  
  "mkdirp@^0.5.4":
    "integrity" "sha512-NKmAlESf6jMGym1++R0Ra7wvhV+wFW63FaSOFPwRahvea0gMUcGUhVeAg/0BC0wiv9ih5NYPB1Wn1UEI1/L+xQ=="
    "resolved" "https://registry.yarnpkg.com/mkdirp/-/mkdirp-0.5.5.tgz"
    "version" "0.5.5"
    dependencies:
      "minimist" "^1.2.5"
  
  "mongodb@^3.6.6", "mongodb@3.7.3":
    "integrity" "sha512-Psm+g3/wHXhjBEktkxXsFMZvd3nemI0r3IPsE0bU+4//PnvNWKkzhZcEsbPcYiWqe8XqXJJEg4Tgtr7Raw67Yw=="
    "resolved" "https://registry.yarnpkg.com/mongodb/-/mongodb-3.7.3.tgz"
    "version" "3.7.3"
    dependencies:
      "bl" "^2.2.1"
      "bson" "^1.1.4"
      "denque" "^1.4.1"
      "optional-require" "^1.1.8"
      "safe-buffer" "^5.1.2"
    optionalDependencies:
      "saslprep" "^1.0.0"
  
  "mongoose-legacy-pluralize@1.0.2":
    "integrity" "sha512-Yo/7qQU4/EyIS8YDFSeenIvXxZN+ld7YdV9LqFVQJzTLye8unujAWPZ4NWKfFA+RNjh+wvTWKY9Z3E5XM6ZZiQ=="
    "resolved" "https://registry.yarnpkg.com/mongoose-legacy-pluralize/-/mongoose-legacy-pluralize-1.0.2.tgz"
    "version" "1.0.2"
  
  "mongoose@*", "mongoose@^5.12.5":
    "integrity" "sha512-M55tpCr/p5i6vdJ54nm4MG6/7SKV4JqlWnqbx6yCRuAuW05CZ7u+gNuHVPQVF9dZ59ALXjOtPEUl+OXklAa7ng=="
    "resolved" "https://registry.yarnpkg.com/mongoose/-/mongoose-5.13.13.tgz"
    "version" "5.13.13"
    dependencies:
      "@types/bson" "1.x || 4.0.x"
      "@types/mongodb" "^3.5.27"
      "bson" "^1.1.4"
      "kareem" "2.3.2"
      "mongodb" "3.7.3"
      "mongoose-legacy-pluralize" "1.0.2"
      "mpath" "0.8.4"
      "mquery" "3.2.5"
      "ms" "2.1.2"
      "optional-require" "1.0.x"
      "regexp-clone" "1.0.0"
      "safe-buffer" "5.2.1"
      "sift" "13.5.2"
      "sliced" "1.0.1"
  
  "mpath@0.8.4":
    "integrity" "sha512-DTxNZomBcTWlrMW76jy1wvV37X/cNNxPW1y2Jzd4DZkAaC5ZGsm8bfGfNOthcDuRJujXLqiuS6o3Tpy0JEoh7g=="
    "resolved" "https://registry.yarnpkg.com/mpath/-/mpath-0.8.4.tgz"
    "version" "0.8.4"
  
  "mqtt-packet@^6.8.0":
    "integrity" "sha512-ja8+mFKIHdB1Tpl6vac+sktqy3gA8t9Mduom1BA75cI+R9AHnZOiaBQwpGiWnaVJLDGRdNhQmFaAqd7tkKSMGA=="
    "resolved" "https://registry.yarnpkg.com/mqtt-packet/-/mqtt-packet-6.10.0.tgz"
    "version" "6.10.0"
    dependencies:
      "bl" "^4.0.2"
      "debug" "^4.1.1"
      "process-nextick-args" "^2.0.1"
  
  "mqtt@^4.2.6":
    "integrity" "sha512-DJYjlXODVXtSDecN8jnNzi6ItX3+ufGsEs9OB3YV24HtkRrh7kpx8L5M1LuyF0KzaiGtWr2PzDcMGAY60KGOSA=="
    "resolved" "https://registry.yarnpkg.com/mqtt/-/mqtt-4.2.8.tgz"
    "version" "4.2.8"
    dependencies:
      "commist" "^1.0.0"
      "concat-stream" "^2.0.0"
      "debug" "^4.1.1"
      "duplexify" "^4.1.1"
      "help-me" "^3.0.0"
      "inherits" "^2.0.3"
      "minimist" "^1.2.5"
      "mqtt-packet" "^6.8.0"
      "pump" "^3.0.0"
      "readable-stream" "^3.6.0"
      "reinterval" "^1.1.0"
      "split2" "^3.1.0"
      "ws" "^7.5.0"
      "xtend" "^4.0.2"
  
  "mquery@3.2.5":
    "integrity" "sha512-VjOKHHgU84wij7IUoZzFRU07IAxd5kWJaDmyUzQlbjHjyoeK5TNeeo8ZsFDtTYnSgpW6n/nMNIHvE3u8Lbrf4A=="
    "resolved" "https://registry.yarnpkg.com/mquery/-/mquery-3.2.5.tgz"
    "version" "3.2.5"
    dependencies:
      "bluebird" "3.5.1"
      "debug" "3.1.0"
      "regexp-clone" "^1.0.0"
      "safe-buffer" "5.1.2"
      "sliced" "1.0.1"
  
  "ms@^2.1.1":
    "integrity" "sha512-6FlzubTLZG3J2a/NVCAleEhjzq5oxgHyaCU9yYXvcLsvoVaHJq/s5xXI6/XXP6tz7R9xAOtHnSO/tXtF3WRTlA=="
    "resolved" "https://registry.yarnpkg.com/ms/-/ms-2.1.3.tgz"
    "version" "2.1.3"
  
  "ms@2.0.0":
    "integrity" "sha1-VgiurfwAvmwpAd9fmGF4jeDVl8g="
    "resolved" "https://registry.yarnpkg.com/ms/-/ms-2.0.0.tgz"
    "version" "2.0.0"
  
  "ms@2.1.1":
    "integrity" "sha512-tgp+dl5cGk28utYktBsrFqA7HKgrhgPsg6Z/EfhWI4gl1Hwq8B/GmY/0oXZ6nF8hDVesS/FpnYaD/kOWhYQvyg=="
    "resolved" "https://registry.yarnpkg.com/ms/-/ms-2.1.1.tgz"
    "version" "2.1.1"
  
  "ms@2.1.2":
    "integrity" "sha512-sGkPx+VjMtmA6MX27oA4FBFELFCZZ4S4XqeGOXCv68tT+jb3vk/RyaKWP0PTKyWtmLSM0b+adUTEvbs1PEaH2w=="
    "resolved" "https://registry.yarnpkg.com/ms/-/ms-2.1.2.tgz"
    "version" "2.1.2"
  
  "multer@^1.4.2":
    "integrity" "sha512-2wY2+xD4udX612aMqMcB8Ws2Voq6NIUPEtD1be6m411T4uDH/VtL9i//xvcyFlTVfRdaBsk7hV5tgrGQqhuBiw=="
    "resolved" "https://registry.yarnpkg.com/multer/-/multer-1.4.4.tgz"
    "version" "1.4.4"
    dependencies:
      "append-field" "^1.0.0"
      "busboy" "^0.2.11"
      "concat-stream" "^1.5.2"
      "mkdirp" "^0.5.4"
      "object-assign" "^4.1.1"
      "on-finished" "^2.3.0"
      "type-is" "^1.6.4"
      "xtend" "^4.0.0"
  
  "mysql@^2.18.1":
    "integrity" "sha512-Bca+gk2YWmqp2Uf6k5NFEurwY/0td0cpebAucFpY/3jhrwrVGuxU2uQFCHjU19SJfje0yQvi+rVWdq78hR5lig=="
    "resolved" "https://registry.yarnpkg.com/mysql/-/mysql-2.18.1.tgz"
    "version" "2.18.1"
    dependencies:
      "bignumber.js" "9.0.0"
      "readable-stream" "2.3.7"
      "safe-buffer" "5.1.2"
      "sqlstring" "2.3.1"
  
  "napi-build-utils@^1.0.1":
    "integrity" "sha512-ONmRUqK7zj7DWX0D9ADe03wbwOBZxNAfF20PlGfCWQcD3+/MakShIHrMqx9YwPTfxDdF1zLeL+RGZiR9kGMLdg=="
    "resolved" "https://registry.npmjs.org/napi-build-utils/-/napi-build-utils-1.0.2.tgz"
    "version" "1.0.2"
  
  "negotiator@0.6.2":
    "integrity" "sha512-hZXc7K2e+PgeI1eDBe/10Ard4ekbfrrqG8Ep+8Jmf4JID2bNg7NvCPOZN+kfF574pFQI7mum2AUqDidoKqcTOw=="
    "resolved" "https://registry.yarnpkg.com/negotiator/-/negotiator-0.6.2.tgz"
    "version" "0.6.2"
  
  "node-abi@^3.3.0":
    "integrity" "sha512-LtHvNIBgOy5mO8mPEUtkCW/YCRWYEKshIvqhe1GHHyXEHEB5mgICyYnAcl4qan3uFeRROErKGzatFHPf6kDxWw=="
    "resolved" "https://registry.npmjs.org/node-abi/-/node-abi-3.5.0.tgz"
    "version" "3.5.0"
    dependencies:
      "semver" "^7.3.5"
  
  "node-addon-api@^4.2.0":
    "integrity" "sha512-eazsqzwG2lskuzBqCGPi7Ac2UgOoMz8JVOXVhTvvPDYhthvNpefx8jWD8Np7Gv+2Sz0FlPWZk0nJV0z598Wn8Q=="
    "resolved" "https://registry.npmjs.org/node-addon-api/-/node-addon-api-4.2.0.tgz"
    "version" "4.2.0"
  
  "node-fetch@^2.6.1":
    "integrity" "sha512-Z8/6vRlTUChSdIgMa51jxQ4lrw/Jy5SOW10ObaA47/RElsAN2c5Pn8bTgFGWn/ibwzXTE8qwr1Yzx28vsecXEA=="
    "resolved" "https://registry.yarnpkg.com/node-fetch/-/node-fetch-2.6.6.tgz"
    "version" "2.6.6"
    dependencies:
      "whatwg-url" "^5.0.0"
  
  "npmlog@^4.0.1":
    "integrity" "sha512-2uUqazuKlTaSI/dC8AzicUck7+IrEaOnN/e0jd3Xtt1KcGpwx30v50mL7oPyr/h9bL3E4aZccVwpwP+5W9Vjkg=="
    "resolved" "https://registry.npmjs.org/npmlog/-/npmlog-4.1.2.tgz"
    "version" "4.1.2"
    dependencies:
      "are-we-there-yet" "~1.1.2"
      "console-control-strings" "~1.1.0"
      "gauge" "~2.7.3"
      "set-blocking" "~2.0.0"
  
  "number-is-nan@^1.0.0":
    "integrity" "sha1-CXtgK1NCKlIsGvuHkDGDNpQaAR0="
    "resolved" "https://registry.npmjs.org/number-is-nan/-/number-is-nan-1.0.1.tgz"
    "version" "1.0.1"
  
  "object-assign@^4", "object-assign@^4.1.0", "object-assign@^4.1.1":
    "integrity" "sha1-IQmtx5ZYh8/AXLvUQsrIv7s2CGM="
    "resolved" "https://registry.yarnpkg.com/object-assign/-/object-assign-4.1.1.tgz"
    "version" "4.1.1"
  
  "on-finished@^2.3.0", "on-finished@~2.3.0":
    "integrity" "sha1-IPEzZIGwg811M3mSoWlxqi2QaUc="
    "resolved" "https://registry.yarnpkg.com/on-finished/-/on-finished-2.3.0.tgz"
    "version" "2.3.0"
    dependencies:
      "ee-first" "1.1.1"
  
  "once@^1.3.0", "once@^1.3.1", "once@^1.4.0":
    "integrity" "sha1-WDsap3WWHUsROsF9nFC6753Xa9E="
    "resolved" "https://registry.yarnpkg.com/once/-/once-1.4.0.tgz"
    "version" "1.4.0"
    dependencies:
      "wrappy" "1"
  
  "optional-require@^1.1.8":
    "integrity" "sha512-jq83qaUb0wNg9Krv1c5OQ+58EK+vHde6aBPzLvPPqJm89UQWsvSuFy9X/OSNJnFeSOKo7btE0n8Nl2+nE+z5nA=="
    "resolved" "https://registry.yarnpkg.com/optional-require/-/optional-require-1.1.8.tgz"
    "version" "1.1.8"
    dependencies:
      "require-at" "^1.0.6"
  
  "optional-require@1.0.x":
    "integrity" "sha512-RV2Zp2MY2aeYK5G+B/Sps8lW5NHAzE5QClbFP15j+PWmP+T9PxlJXBOOLoSAdgwFvS4t0aMR4vpedMkbHfh0nA=="
    "resolved" "https://registry.yarnpkg.com/optional-require/-/optional-require-1.0.3.tgz"
    "version" "1.0.3"
  
  "os-tmpdir@~1.0.2":
    "integrity" "sha1-u+Z0BseaqFxc/sdm/lc0VV36EnQ="
    "resolved" "https://registry.yarnpkg.com/os-tmpdir/-/os-tmpdir-1.0.2.tgz"
    "version" "1.0.2"
  
  "parseurl@~1.3.3":
    "integrity" "sha512-CiyeOxFT/JZyN5m0z9PfXw4SCBJ6Sygz1Dpl0wqjlhDEGGBP1GnsUVEL0p63hoG1fcj3fHynXi9NYO4nWOL+qQ=="
    "resolved" "https://registry.yarnpkg.com/parseurl/-/parseurl-1.3.3.tgz"
    "version" "1.3.3"
  
  "path-is-absolute@^1.0.0":
    "integrity" "sha1-F0uSaHNVNP+8es5r9TpanhtcX18="
    "resolved" "https://registry.yarnpkg.com/path-is-absolute/-/path-is-absolute-1.0.1.tgz"
    "version" "1.0.1"
  
  "path-to-regexp@0.1.7":
    "integrity" "sha1-32BBeABfUi8V60SQ5yR6G/qmf4w="
    "resolved" "https://registry.yarnpkg.com/path-to-regexp/-/path-to-regexp-0.1.7.tgz"
    "version" "0.1.7"
  
  "pend@~1.2.0":
    "integrity" "sha1-elfrVQpng/kRUzH89GY9XI4AelA="
    "resolved" "https://registry.yarnpkg.com/pend/-/pend-1.2.0.tgz"
    "version" "1.2.0"
  
  "pollock@^0.2.0":
    "integrity" "sha512-2Xy6LImSXm0ANKv9BKSVuCa6Z4ACbK7oUrl9gtUgqLkekL7n9C0mlWsOGYYuGbCG8xT0x3Q4F31C3ZMyVQjwsg=="
    "resolved" "https://registry.yarnpkg.com/pollock/-/pollock-0.2.1.tgz"
    "version" "0.2.1"
  
  "prebuild-install@^7.0.0":
    "integrity" "sha512-IvSenf33K7JcgddNz2D5w521EgO+4aMMjFt73Uk9FRzQ7P+QZPKrp7qPsDydsSwjGt3T5xRNnM1bj1zMTD5fTA=="
    "resolved" "https://registry.npmjs.org/prebuild-install/-/prebuild-install-7.0.0.tgz"
    "version" "7.0.0"
    dependencies:
      "detect-libc" "^1.0.3"
      "expand-template" "^2.0.3"
      "github-from-package" "0.0.0"
      "minimist" "^1.2.3"
      "mkdirp-classic" "^0.5.3"
      "napi-build-utils" "^1.0.1"
      "node-abi" "^3.3.0"
      "npmlog" "^4.0.1"
      "pump" "^3.0.0"
      "rc" "^1.2.7"
      "simple-get" "^4.0.0"
      "tar-fs" "^2.0.0"
      "tunnel-agent" "^0.6.0"
  
  "process-nextick-args@^2.0.1", "process-nextick-args@~2.0.0":
    "integrity" "sha512-3ouUOpQhtgrbOa17J7+uxOTpITYWaGP7/AhoR3+A+/1e9skrzelGi/dXzEYyvbxubEF6Wn2ypscTKiKJFFn1ag=="
    "resolved" "https://registry.yarnpkg.com/process-nextick-args/-/process-nextick-args-2.0.1.tgz"
    "version" "2.0.1"
  
  "progress@^2.0.1":
    "integrity" "sha512-7PiHtLll5LdnKIMw100I+8xJXR5gW2QwWYkT6iJva0bXitZKa/XMrSbdmg3r2Xnaidz9Qumd0VPaMrZlF9V9sA=="
    "resolved" "https://registry.yarnpkg.com/progress/-/progress-2.0.3.tgz"
    "version" "2.0.3"
  
  "promise-mysql@^5.0.1":
    "integrity" "sha512-g6UY2+PJddjI+prWc6cVlvG6wkGl4ir8uZlZJBYQlHbGP/3UeHwmMjNpy6gnKyYIOfBVY/4Oe/NX03yBwdeAlQ=="
    "resolved" "https://registry.yarnpkg.com/promise-mysql/-/promise-mysql-5.0.4.tgz"
    "version" "5.0.4"
    dependencies:
      "@types/bluebird" "^3.5.26"
      "@types/mysql" "^2.15.2"
      "bluebird" "^3.5.1"
      "mysql" "^2.18.1"
  
  "proxy-addr@~2.0.5":
    "integrity" "sha512-llQsMLSUDUPT44jdrU/O37qlnifitDP+ZwrmmZcoSKyLKvtZxpyV0n2/bD/N4tBAAZ/gJEdZU7KMraoK1+XYAg=="
    "resolved" "https://registry.yarnpkg.com/proxy-addr/-/proxy-addr-2.0.7.tgz"
    "version" "2.0.7"
    dependencies:
      "forwarded" "0.2.0"
      "ipaddr.js" "1.9.1"
  
  "proxy-from-env@^1.0.0":
    "integrity" "sha512-D+zkORCbA9f1tdWRK0RaCR3GPv50cMxcrz4X8k5LTSUD1Dkw47mKJEZQNunItRTkWwgtaUSo1RVFRIG9ZXiFYg=="
    "resolved" "https://registry.yarnpkg.com/proxy-from-env/-/proxy-from-env-1.1.0.tgz"
    "version" "1.1.0"
  
  "pump@^3.0.0":
    "integrity" "sha512-LwZy+p3SFs1Pytd/jYct4wpv49HiYCqd9Rlc5ZVdk0V+8Yzv6jR5Blk3TRmPL1ft69TxP0IMZGJ+WPFU2BFhww=="
    "resolved" "https://registry.yarnpkg.com/pump/-/pump-3.0.0.tgz"
    "version" "3.0.0"
    dependencies:
      "end-of-stream" "^1.1.0"
      "once" "^1.3.1"
  
  "puppeteer@^1.10.0":
    "integrity" "sha512-bt48RDBy2eIwZPrkgbcwHtb51mj2nKvHOPMaSH2IsWiv7lOG9k9zhaRzpDZafrk05ajMc3cu+lSQYYOfH2DkVQ=="
    "resolved" "https://registry.yarnpkg.com/puppeteer/-/puppeteer-1.20.0.tgz"
    "version" "1.20.0"
    dependencies:
      "debug" "^4.1.0"
      "extract-zip" "^1.6.6"
      "https-proxy-agent" "^2.2.1"
      "mime" "^2.0.3"
      "progress" "^2.0.1"
      "proxy-from-env" "^1.0.0"
      "rimraf" "^2.6.1"
      "ws" "^6.1.0"
  
  "qs@6.7.0":
    "integrity" "sha512-VCdBRNFTX1fyE7Nb6FYoURo/SPe62QCaAyzJvUjwRaIsc+NePBEniHlvxFmmX56+HZphIGtV0XeCirBtpDrTyQ=="
    "resolved" "https://registry.yarnpkg.com/qs/-/qs-6.7.0.tgz"
    "version" "6.7.0"
  
  "qs@6.9.6":
    "integrity" "sha512-TIRk4aqYLNoJUbd+g2lEdz5kLWIuTMRagAXxl78Q0RiVjAOugHmeKNGdd3cwo/ktpf9aL9epCfFqWDEKysUlLQ=="
    "resolved" "https://registry.yarnpkg.com/qs/-/qs-6.9.6.tgz"
    "version" "6.9.6"
  
  "range-parser@~1.2.1":
    "integrity" "sha512-Hrgsx+orqoygnmhFbKaHE6c296J+HTAQXoxEF6gNupROmmGJRoyzfG3ccAveqCBrwr/2yxQ5BVd/GTl5agOwSg=="
    "resolved" "https://registry.yarnpkg.com/range-parser/-/range-parser-1.2.1.tgz"
    "version" "1.2.1"
  
  "raw-body@2.4.0":
    "integrity" "sha512-4Oz8DUIwdvoa5qMJelxipzi/iJIi40O5cGV1wNYp5hvZP8ZN0T+jiNkL0QepXs+EsQ9XJ8ipEDoiH70ySUJP3Q=="
    "resolved" "https://registry.yarnpkg.com/raw-body/-/raw-body-2.4.0.tgz"
    "version" "2.4.0"
    dependencies:
      "bytes" "3.1.0"
      "http-errors" "1.7.2"
      "iconv-lite" "0.4.24"
      "unpipe" "1.0.0"
  
  "raw-body@2.4.2":
    "integrity" "sha512-RPMAFUJP19WIet/99ngh6Iv8fzAbqum4Li7AD6DtGaW2RpMB/11xDoalPiJMTbu6I3hkbMVkATvZrqb9EEqeeQ=="
    "resolved" "https://registry.yarnpkg.com/raw-body/-/raw-body-2.4.2.tgz"
    "version" "2.4.2"
    dependencies:
      "bytes" "3.1.1"
      "http-errors" "1.8.1"
      "iconv-lite" "0.4.24"
      "unpipe" "1.0.0"
  
  "rc@^1.2.7":
    "integrity" "sha512-y3bGgqKj3QBdxLbLkomlohkvsA8gdAiUQlSBJnBhfn+BPxg4bc62d8TcBW15wavDfgexCgccckhcZvywyQYPOw=="
    "resolved" "https://registry.npmjs.org/rc/-/rc-1.2.8.tgz"
    "version" "1.2.8"
    dependencies:
      "deep-extend" "^0.6.0"
      "ini" "~1.3.0"
      "minimist" "^1.2.0"
      "strip-json-comments" "~2.0.1"
  
  "readable-stream@^2.0.6":
    "integrity" "sha512-Ebho8K4jIbHAxnuxi7o42OrZgF/ZTNcsZj6nRKyUmkhLFq8CHItp/fy6hQZuZmP/n3yZ9VBUbp4zz/mX8hmYPw=="
    "resolved" "https://registry.npmjs.org/readable-stream/-/readable-stream-2.3.7.tgz"
    "version" "2.3.7"
    dependencies:
      "core-util-is" "~1.0.0"
      "inherits" "~2.0.3"
      "isarray" "~1.0.0"
      "process-nextick-args" "~2.0.0"
      "safe-buffer" "~5.1.1"
      "string_decoder" "~1.1.1"
      "util-deprecate" "~1.0.1"
  
  "readable-stream@^2.2.2":
    "integrity" "sha512-Ebho8K4jIbHAxnuxi7o42OrZgF/ZTNcsZj6nRKyUmkhLFq8CHItp/fy6hQZuZmP/n3yZ9VBUbp4zz/mX8hmYPw=="
    "resolved" "https://registry.yarnpkg.com/readable-stream/-/readable-stream-2.3.7.tgz"
    "version" "2.3.7"
    dependencies:
      "core-util-is" "~1.0.0"
      "inherits" "~2.0.3"
      "isarray" "~1.0.0"
      "process-nextick-args" "~2.0.0"
      "safe-buffer" "~5.1.1"
      "string_decoder" "~1.1.1"
      "util-deprecate" "~1.0.1"
  
  "readable-stream@^2.3.5":
    "integrity" "sha512-Ebho8K4jIbHAxnuxi7o42OrZgF/ZTNcsZj6nRKyUmkhLFq8CHItp/fy6hQZuZmP/n3yZ9VBUbp4zz/mX8hmYPw=="
    "resolved" "https://registry.yarnpkg.com/readable-stream/-/readable-stream-2.3.7.tgz"
    "version" "2.3.7"
    dependencies:
      "core-util-is" "~1.0.0"
      "inherits" "~2.0.3"
      "isarray" "~1.0.0"
      "process-nextick-args" "~2.0.0"
      "safe-buffer" "~5.1.1"
      "string_decoder" "~1.1.1"
      "util-deprecate" "~1.0.1"
  
  "readable-stream@^3.0.0", "readable-stream@^3.0.2", "readable-stream@^3.1.1", "readable-stream@^3.4.0", "readable-stream@^3.6.0":
    "integrity" "sha512-BViHy7LKeTz4oNnkcLJ+lVSL6vpiFeX6/d3oSH8zCW7UxP2onchk+vTGB143xuFjHS3deTgkKoXXymXqymiIdA=="
    "resolved" "https://registry.yarnpkg.com/readable-stream/-/readable-stream-3.6.0.tgz"
    "version" "3.6.0"
    dependencies:
      "inherits" "^2.0.3"
      "string_decoder" "^1.1.1"
      "util-deprecate" "^1.0.1"
  
  "readable-stream@1.1.x":
    "integrity" "sha1-fPTFTvZI44EwhMY23SB54WbAgdk="
    "resolved" "https://registry.yarnpkg.com/readable-stream/-/readable-stream-1.1.14.tgz"
    "version" "1.1.14"
    dependencies:
      "core-util-is" "~1.0.0"
      "inherits" "~2.0.1"
      "isarray" "0.0.1"
      "string_decoder" "~0.10.x"
  
  "readable-stream@2.3.7":
    "integrity" "sha512-Ebho8K4jIbHAxnuxi7o42OrZgF/ZTNcsZj6nRKyUmkhLFq8CHItp/fy6hQZuZmP/n3yZ9VBUbp4zz/mX8hmYPw=="
    "resolved" "https://registry.yarnpkg.com/readable-stream/-/readable-stream-2.3.7.tgz"
    "version" "2.3.7"
    dependencies:
      "core-util-is" "~1.0.0"
      "inherits" "~2.0.3"
      "isarray" "~1.0.0"
      "process-nextick-args" "~2.0.0"
      "safe-buffer" "~5.1.1"
      "string_decoder" "~1.1.1"
      "util-deprecate" "~1.0.1"
  
  "redis-commands@^1.7.0":
    "integrity" "sha512-nJWqw3bTFy21hX/CPKHth6sfhZbdiHP6bTawSgQBlKOVRG7EZkfHbbHwQJnrE4vsQf0CMNE+3gJ4Fmm16vdVlQ=="
    "resolved" "https://registry.yarnpkg.com/redis-commands/-/redis-commands-1.7.0.tgz"
    "version" "1.7.0"
  
  "redis-errors@^1.0.0", "redis-errors@^1.2.0":
    "integrity" "sha1-62LSrbFeTq9GEMBK/hUpOEJQq60="
    "resolved" "https://registry.yarnpkg.com/redis-errors/-/redis-errors-1.2.0.tgz"
    "version" "1.2.0"
  
  "redis-jsonify@^1.2.0":
    "integrity" "sha1-QHTAmGyJ7aROwTxqivi5wBGKTFg="
    "resolved" "https://registry.yarnpkg.com/redis-jsonify/-/redis-jsonify-1.2.0.tgz"
    "version" "1.2.0"
  
  "redis-parser@^3.0.0":
    "integrity" "sha1-tm2CjNyv5rS4pCin3vTGvKwxyLQ="
    "resolved" "https://registry.yarnpkg.com/redis-parser/-/redis-parser-3.0.0.tgz"
    "version" "3.0.0"
    dependencies:
      "redis-errors" "^1.0.0"
  
  "redis@^3.0.2":
    "integrity" "sha512-grn5KoZLr/qrRQVwoSkmzdbw6pwF+/rwODtrOr6vuBRiR/f3rjSTGupbF90Zpqm2oenix8Do6RV7pYEkGwlKkw=="
    "resolved" "https://registry.yarnpkg.com/redis/-/redis-3.1.2.tgz"
    "version" "3.1.2"
    dependencies:
      "denque" "^1.5.0"
      "redis-commands" "^1.7.0"
      "redis-errors" "^1.2.0"
      "redis-parser" "^3.0.0"
  
  "regexp-clone@^1.0.0", "regexp-clone@1.0.0":
    "integrity" "sha512-TuAasHQNamyyJ2hb97IuBEif4qBHGjPHBS64sZwytpLEqtBQ1gPJTnOaQ6qmpET16cK14kkjbazl6+p0RRv0yw=="
    "resolved" "https://registry.yarnpkg.com/regexp-clone/-/regexp-clone-1.0.0.tgz"
    "version" "1.0.0"
  
  "reinterval@^1.1.0":
    "integrity" "sha1-M2Hs+jymwYKDOA3Qu5VG85D17Oc="
    "resolved" "https://registry.yarnpkg.com/reinterval/-/reinterval-1.1.0.tgz"
    "version" "1.1.0"
  
  "require-at@^1.0.6":
    "integrity" "sha512-7i1auJbMUrXEAZCOQ0VNJgmcT2VOKPRl2YGJwgpHpC9CE91Mv4/4UYIUm4chGJaI381ZDq1JUicFii64Hapd8g=="
    "resolved" "https://registry.yarnpkg.com/require-at/-/require-at-1.0.6.tgz"
    "version" "1.0.6"
  
  "rimraf@^2.6.1":
    "integrity" "sha512-uWjbaKIK3T1OSVptzX7Nl6PvQ3qAGtKEtVRjRuazjfL3Bx5eI409VZSqgND+4UNnmzLVdPj9FqFJNPqBZFve4w=="
    "resolved" "https://registry.yarnpkg.com/rimraf/-/rimraf-2.7.1.tgz"
    "version" "2.7.1"
    dependencies:
      "glob" "^7.1.3"
  
  "safe-buffer@^5.0.1", "safe-buffer@~5.1.0", "safe-buffer@~5.1.1", "safe-buffer@5.1.2":
    "integrity" "sha512-Gd2UZBJDkXlY7GbJxfsE8/nvKkUEU1G38c1siN6QP6a9PT9MmHB8GnpscSmMJSoF8LOIrt8ud/wPtojys4G6+g=="
    "resolved" "https://registry.yarnpkg.com/safe-buffer/-/safe-buffer-5.1.2.tgz"
    "version" "5.1.2"
  
  "safe-buffer@^5.1.1":
    "integrity" "sha512-rp3So07KcdmmKbGvgaNxQSJr7bGVSVk5S9Eq1F+ppbRo70+YeaDxkw5Dd8NPN+GD6bjnYm2VuPuCXmpuYvmCXQ=="
    "resolved" "https://registry.yarnpkg.com/safe-buffer/-/safe-buffer-5.2.1.tgz"
    "version" "5.2.1"
  
  "safe-buffer@^5.1.2":
    "integrity" "sha512-rp3So07KcdmmKbGvgaNxQSJr7bGVSVk5S9Eq1F+ppbRo70+YeaDxkw5Dd8NPN+GD6bjnYm2VuPuCXmpuYvmCXQ=="
    "resolved" "https://registry.yarnpkg.com/safe-buffer/-/safe-buffer-5.2.1.tgz"
    "version" "5.2.1"
  
  "safe-buffer@~5.2.0":
    "integrity" "sha512-rp3So07KcdmmKbGvgaNxQSJr7bGVSVk5S9Eq1F+ppbRo70+YeaDxkw5Dd8NPN+GD6bjnYm2VuPuCXmpuYvmCXQ=="
    "resolved" "https://registry.yarnpkg.com/safe-buffer/-/safe-buffer-5.2.1.tgz"
    "version" "5.2.1"
  
  "safe-buffer@5.2.1":
    "integrity" "sha512-rp3So07KcdmmKbGvgaNxQSJr7bGVSVk5S9Eq1F+ppbRo70+YeaDxkw5Dd8NPN+GD6bjnYm2VuPuCXmpuYvmCXQ=="
    "resolved" "https://registry.yarnpkg.com/safe-buffer/-/safe-buffer-5.2.1.tgz"
    "version" "5.2.1"
  
  "safe-flat@^2.0.2":
    "integrity" "sha512-4plwd0jT25AB/gnVhEsjM9dt4wOZhp3Lk8xOmJ8tW8niJ2gB/QSKSvhqVY8zFQukAnPJhvn8BNc8mCSZxoVQ+A=="
    "resolved" "https://registry.yarnpkg.com/safe-flat/-/safe-flat-2.0.2.tgz"
    "version" "2.0.2"
  
  "safer-buffer@>= 2.1.2 < 3":
    "integrity" "sha512-YZo3K82SD7Riyi0E1EQPojLz7kpepnSQI9IyPbHHg1XXXevb5dJI7tpyN2ADxGcQbHG7vcyRHk0cbwqcQriUtg=="
    "resolved" "https://registry.yarnpkg.com/safer-buffer/-/safer-buffer-2.1.2.tgz"
    "version" "2.1.2"
  
  "saslprep@^1.0.0":
    "integrity" "sha512-/MY/PEMbk2SuY5sScONwhUDsV2p77Znkb/q3nSVstq/yQzYJOH/Azh29p9oJLsl3LnQwSvZDKagDGBsBwSooag=="
    "resolved" "https://registry.yarnpkg.com/saslprep/-/saslprep-1.0.3.tgz"
    "version" "1.0.3"
    dependencies:
      "sparse-bitfield" "^3.0.3"
  
  "semver@^7.3.5":
    "integrity" "sha512-PoeGJYh8HK4BTO/a9Tf6ZG3veo/A7ZVsYrSA6J8ny9nb3B1VrpkuN+z9OE5wfE5p6H4LchYZsegiQgbJD94ZFQ=="
    "resolved" "https://registry.npmjs.org/semver/-/semver-7.3.5.tgz"
    "version" "7.3.5"
    dependencies:
      "lru-cache" "^6.0.0"
  
  "send@0.17.1":
    "integrity" "sha512-BsVKsiGcQMFwT8UxypobUKyv7irCNRHk1T0G680vk88yf6LBByGcZJOTJCrTP2xVN6yI+XjPJcNuE3V4fT9sAg=="
    "resolved" "https://registry.yarnpkg.com/send/-/send-0.17.1.tgz"
    "version" "0.17.1"
    dependencies:
      "debug" "2.6.9"
      "depd" "~1.1.2"
      "destroy" "~1.0.4"
      "encodeurl" "~1.0.2"
      "escape-html" "~1.0.3"
      "etag" "~1.8.1"
      "fresh" "0.5.2"
      "http-errors" "~1.7.2"
      "mime" "1.6.0"
      "ms" "2.1.1"
      "on-finished" "~2.3.0"
      "range-parser" "~1.2.1"
      "statuses" "~1.5.0"
  
  "serve-static@1.14.1":
    "integrity" "sha512-JMrvUwE54emCYWlTI+hGrGv5I8dEwmco/00EvkzIIsR7MqrHonbD9pO2MOfFnpFntl7ecpZs+3mW+XbQZu9QCg=="
    "resolved" "https://registry.yarnpkg.com/serve-static/-/serve-static-1.14.1.tgz"
    "version" "1.14.1"
    dependencies:
      "encodeurl" "~1.0.2"
      "escape-html" "~1.0.3"
      "parseurl" "~1.3.3"
      "send" "0.17.1"
  
  "set-blocking@~2.0.0":
    "integrity" "sha1-BF+XgtARrppoA93TgrJDkrPYkPc="
    "resolved" "https://registry.npmjs.org/set-blocking/-/set-blocking-2.0.0.tgz"
    "version" "2.0.0"
  
  "setprototypeof@1.1.1":
    "integrity" "sha512-JvdAWfbXeIGaZ9cILp38HntZSFSo3mWg6xGcJJsd+d4aRMOqauag1C63dJfDw7OaMYwEbHMOxEZ1lqVRYP2OAw=="
    "resolved" "https://registry.yarnpkg.com/setprototypeof/-/setprototypeof-1.1.1.tgz"
    "version" "1.1.1"
  
  "setprototypeof@1.2.0":
    "integrity" "sha512-E5LDX7Wrp85Kil5bhZv46j8jOeboKq5JMmYM3gVGdGH8xFpPWXUMsNrlODCrkoxMEeNi/XZIwuRvY4XNwYMJpw=="
    "resolved" "https://registry.yarnpkg.com/setprototypeof/-/setprototypeof-1.2.0.tgz"
    "version" "1.2.0"
  
  "sharp@^0.29.3":
    "integrity" "sha512-fKWUuOw77E4nhpyzCCJR1ayrttHoFHBT2U/kR/qEMRhvPEcluG4BKj324+SCO1e84+knXHwhJ1HHJGnUt4ElGA=="
    "resolved" "https://registry.npmjs.org/sharp/-/sharp-0.29.3.tgz"
    "version" "0.29.3"
    dependencies:
      "color" "^4.0.1"
      "detect-libc" "^1.0.3"
      "node-addon-api" "^4.2.0"
      "prebuild-install" "^7.0.0"
      "semver" "^7.3.5"
      "simple-get" "^4.0.0"
      "tar-fs" "^2.1.1"
      "tunnel-agent" "^0.6.0"
  
  "sift@13.5.2":
    "integrity" "sha512-+gxdEOMA2J+AI+fVsCqeNn7Tgx3M9ZN9jdi95939l1IJ8cZsqS8sqpJyOkic2SJk+1+98Uwryt/gL6XDaV+UZA=="
    "resolved" "https://registry.yarnpkg.com/sift/-/sift-13.5.2.tgz"
    "version" "13.5.2"
  
  "signal-exit@^3.0.0":
    "integrity" "sha512-sDl4qMFpijcGw22U5w63KmD3cZJfBuFlVNbVMKje2keoKML7X2UzWbc4XrmEbDwg0NXJc3yv4/ox7b+JWb57kQ=="
    "resolved" "https://registry.npmjs.org/signal-exit/-/signal-exit-3.0.6.tgz"
    "version" "3.0.6"
  
  "simple-concat@^1.0.0":
    "integrity" "sha512-cSFtAPtRhljv69IK0hTVZQ+OfE9nePi/rtJmw5UjHeVyVroEqJXP1sFztKUy1qU+xvz3u/sfYJLa947b7nAN2Q=="
    "resolved" "https://registry.npmjs.org/simple-concat/-/simple-concat-1.0.1.tgz"
    "version" "1.0.1"
  
  "simple-get@^4.0.0":
    "integrity" "sha512-ZalZGexYr3TA0SwySsr5HlgOOinS4Jsa8YB2GJ6lUNAazyAu4KG/VmzMTwAt2YVXzzVj8QmefmAonZIK2BSGcQ=="
    "resolved" "https://registry.npmjs.org/simple-get/-/simple-get-4.0.0.tgz"
    "version" "4.0.0"
    dependencies:
      "decompress-response" "^6.0.0"
      "once" "^1.3.1"
      "simple-concat" "^1.0.0"
  
  "simple-swizzle@^0.2.2":
    "integrity" "sha1-pNprY1/8zMoz9w0Xy5JZLeleVXo="
    "resolved" "https://registry.npmjs.org/simple-swizzle/-/simple-swizzle-0.2.2.tgz"
    "version" "0.2.2"
    dependencies:
      "is-arrayish" "^0.3.1"
  
  "sliced@1.0.1":
    "integrity" "sha1-CzpmK10Ewxd7GSa+qCsD+Dei70E="
    "resolved" "https://registry.yarnpkg.com/sliced/-/sliced-1.0.1.tgz"
    "version" "1.0.1"
  
  "sparse-bitfield@^3.0.3":
    "integrity" "sha1-/0rm5oZWBWuks+eSqzM004JzyhE="
    "resolved" "https://registry.yarnpkg.com/sparse-bitfield/-/sparse-bitfield-3.0.3.tgz"
    "version" "3.0.3"
    dependencies:
      "memory-pager" "^1.0.2"
  
  "split2@^3.1.0":
    "integrity" "sha512-9NThjpgZnifTkJpzTZ7Eue85S49QwpNhZTq6GRJwObb6jnLFNGB7Qm73V5HewTROPyxD0C29xqmaI68bQtV+hg=="
    "resolved" "https://registry.yarnpkg.com/split2/-/split2-3.2.2.tgz"
    "version" "3.2.2"
    dependencies:
      "readable-stream" "^3.0.0"
  
  "sqlstring@2.3.1":
    "integrity" "sha1-R1OT/56RR5rqYtyvDKPRSYOn+0A="
    "resolved" "https://registry.yarnpkg.com/sqlstring/-/sqlstring-2.3.1.tgz"
    "version" "2.3.1"
  
  "statuses@>= 1.5.0 < 2", "statuses@~1.5.0":
    "integrity" "sha1-Fhx9rBd2Wf2YEfQ3cfqZOBR4Yow="
    "resolved" "https://registry.yarnpkg.com/statuses/-/statuses-1.5.0.tgz"
    "version" "1.5.0"
  
  "stream-shift@^1.0.0":
    "integrity" "sha512-AiisoFqQ0vbGcZgQPY1cdP2I76glaVA/RauYR4G4thNFgkTqr90yXTo4LYX60Jl+sIlPNHHdGSwo01AvbKUSVQ=="
    "resolved" "https://registry.yarnpkg.com/stream-shift/-/stream-shift-1.0.1.tgz"
    "version" "1.0.1"
  
  "streamsearch@0.1.2":
    "integrity" "sha1-gIudDlb8Jz2Am6VzOOkpkZoanxo="
    "resolved" "https://registry.yarnpkg.com/streamsearch/-/streamsearch-0.1.2.tgz"
    "version" "0.1.2"
  
  "string_decoder@^1.1.1":
    "integrity" "sha512-hkRX8U1WjJFd8LsDJ2yQ/wWWxaopEsABU1XfkM8A+j0+85JAGppt16cr1Whg6KIbb4okU6Mql6BOj+uup/wKeA=="
    "resolved" "https://registry.yarnpkg.com/string_decoder/-/string_decoder-1.3.0.tgz"
    "version" "1.3.0"
    dependencies:
      "safe-buffer" "~5.2.0"
  
  "string_decoder@~0.10.x":
    "integrity" "sha1-YuIDvEF2bGwoyfyEMB2rHFMQ+pQ="
    "resolved" "https://registry.yarnpkg.com/string_decoder/-/string_decoder-0.10.31.tgz"
    "version" "0.10.31"
  
  "string_decoder@~1.1.1":
    "integrity" "sha512-n/ShnvDi6FHbbVfviro+WojiFzv+s8MPMHBczVePfUpDJLwoLT0ht1l4YwBCbi8pJAveEEdnkHyPyTP/mzRfwg=="
    "resolved" "https://registry.yarnpkg.com/string_decoder/-/string_decoder-1.1.1.tgz"
    "version" "1.1.1"
    dependencies:
      "safe-buffer" "~5.1.0"
  
  "string-width@^1.0.1", "string-width@^1.0.2 || 2 || 3 || 4":
    "integrity" "sha1-EYvfW4zcUaKn5w0hHgfisLmxB9M="
    "resolved" "https://registry.npmjs.org/string-width/-/string-width-1.0.2.tgz"
    "version" "1.0.2"
    dependencies:
      "code-point-at" "^1.0.0"
      "is-fullwidth-code-point" "^1.0.0"
      "strip-ansi" "^3.0.0"
  
  "strip-ansi@^3.0.0", "strip-ansi@^3.0.1":
    "integrity" "sha1-ajhfuIU9lS1f8F0Oiq+UJ43GPc8="
    "resolved" "https://registry.npmjs.org/strip-ansi/-/strip-ansi-3.0.1.tgz"
    "version" "3.0.1"
    dependencies:
      "ansi-regex" "^2.0.0"
  
  "strip-json-comments@~2.0.1":
    "integrity" "sha1-PFMZQukIwml8DsNEhYwobHygpgo="
    "resolved" "https://registry.npmjs.org/strip-json-comments/-/strip-json-comments-2.0.1.tgz"
    "version" "2.0.1"
  
  "supports-color@^5.3.0":
    "integrity" "sha512-QjVjwdXIt408MIiAqCX4oUKsgU2EqAGzs2Ppkm4aQYbjm+ZEWEcW4SfFNTr4uMNZma0ey4f5lgLrkB0aX0QMow=="
    "resolved" "https://registry.yarnpkg.com/supports-color/-/supports-color-5.5.0.tgz"
    "version" "5.5.0"
    dependencies:
      "has-flag" "^3.0.0"
  
  "tar-fs@^2.0.0", "tar-fs@^2.1.1":
    "integrity" "sha512-V0r2Y9scmbDRLCNex/+hYzvp/zyYjvFbHPNgVTKfQvVrb6guiE/fxP+XblDNR011utopbkex2nM4dHNV6GDsng=="
    "resolved" "https://registry.npmjs.org/tar-fs/-/tar-fs-2.1.1.tgz"
    "version" "2.1.1"
    dependencies:
      "chownr" "^1.1.1"
      "mkdirp-classic" "^0.5.2"
      "pump" "^3.0.0"
      "tar-stream" "^2.1.4"
  
  "tar-stream@^2.1.4":
    "integrity" "sha512-ujeqbceABgwMZxEJnk2HDY2DlnUZ+9oEcb1KzTVfYHio0UE6dG71n60d8D2I4qNvleWrrXpmjpt7vZeF1LnMZQ=="
    "resolved" "https://registry.npmjs.org/tar-stream/-/tar-stream-2.2.0.tgz"
    "version" "2.2.0"
    dependencies:
      "bl" "^4.0.3"
      "end-of-stream" "^1.4.1"
      "fs-constants" "^1.0.0"
      "inherits" "^2.0.3"
      "readable-stream" "^3.1.1"
  
  "tmp@0.0.33":
    "integrity" "sha512-jRCJlojKnZ3addtTOjdIqoRuPEKBvNXcGYqzO6zWZX8KfKEpnGY5jfggJQ3EjKuu8D4bJRr0y+cYJFmYbImXGw=="
    "resolved" "https://registry.yarnpkg.com/tmp/-/tmp-0.0.33.tgz"
    "version" "0.0.33"
    dependencies:
      "os-tmpdir" "~1.0.2"
  
  "toidentifier@1.0.0":
    "integrity" "sha512-yaOH/Pk/VEhBWWTlhI+qXxDFXlejDGcQipMlyxda9nthulaxLZUNcUqFxokp0vcYnvteJln5FNQDRrxj3YcbVw=="
    "resolved" "https://registry.yarnpkg.com/toidentifier/-/toidentifier-1.0.0.tgz"
    "version" "1.0.0"
  
  "toidentifier@1.0.1":
    "integrity" "sha512-o5sSPKEkg/DIQNmH43V0/uerLrpzVedkUh8tGNvaeXpfpuwjKenlSox/2O/BTlZUtEe+JG7s5YhEz608PlAHRA=="
    "resolved" "https://registry.yarnpkg.com/toidentifier/-/toidentifier-1.0.1.tgz"
    "version" "1.0.1"
  
  "tr46@~0.0.3":
    "integrity" "sha1-gYT9NH2snNwYWZLzpmIuFLnZq2o="
    "resolved" "https://registry.yarnpkg.com/tr46/-/tr46-0.0.3.tgz"
    "version" "0.0.3"
  
  "tunnel-agent@^0.6.0":
    "integrity" "sha1-J6XeoGs2sEoKmWZ3SykIaPD8QP0="
    "resolved" "https://registry.npmjs.org/tunnel-agent/-/tunnel-agent-0.6.0.tgz"
    "version" "0.6.0"
    dependencies:
      "safe-buffer" "^5.0.1"
  
  "type-is@^1.6.4", "type-is@~1.6.17", "type-is@~1.6.18":
    "integrity" "sha512-TkRKr9sUTxEH8MdfuCSP7VizJyzRNMjj2J2do2Jr3Kym598JVdEksuzPQCnlFPW4ky9Q+iA+ma9BGm06XQBy8g=="
    "resolved" "https://registry.yarnpkg.com/type-is/-/type-is-1.6.18.tgz"
    "version" "1.6.18"
    dependencies:
      "media-typer" "0.3.0"
      "mime-types" "~2.1.24"
  
  "typedarray@^0.0.6":
    "integrity" "sha1-hnrHTjhkGHsdPUfZlqeOxciDB3c="
    "resolved" "https://registry.yarnpkg.com/typedarray/-/typedarray-0.0.6.tgz"
    "version" "0.0.6"
  
  "uniqid@^5.2.0":
    "integrity" "sha512-38JRbJ4Fj94VmnC7G/J/5n5SC7Ab46OM5iNtSstB/ko3l1b5g7ALt4qzHFgGciFkyiRNtDXtLNb+VsxtMSE77A=="
    "resolved" "https://registry.yarnpkg.com/uniqid/-/uniqid-5.4.0.tgz"
    "version" "5.4.0"
  
  "unpipe@~1.0.0", "unpipe@1.0.0":
    "integrity" "sha1-sr9O6FFKrmFltIF4KdIbLvSZBOw="
    "resolved" "https://registry.yarnpkg.com/unpipe/-/unpipe-1.0.0.tgz"
    "version" "1.0.0"
  
  "util-deprecate@^1.0.1", "util-deprecate@~1.0.1":
    "integrity" "sha1-RQ1Nyfpw3nMnYvvS1KKJgUGaDM8="
    "resolved" "https://registry.yarnpkg.com/util-deprecate/-/util-deprecate-1.0.2.tgz"
    "version" "1.0.2"
  
  "utils-merge@1.0.1":
    "integrity" "sha1-n5VxD1CiZ5R7LMwSR0HBAoQn5xM="
    "resolved" "https://registry.yarnpkg.com/utils-merge/-/utils-merge-1.0.1.tgz"
    "version" "1.0.1"
  
  "uuid@^8.3.2":
    "integrity" "sha512-+NYs2QeMWy+GWFOEm9xnn6HCDp0l7QBD7ml8zLUmJ+93Q5NF0NocErnwkTkXVFNiX3/fpC6afS8Dhb/gz7R7eg=="
    "resolved" "https://registry.yarnpkg.com/uuid/-/uuid-8.3.2.tgz"
    "version" "8.3.2"
  
  "vary@^1", "vary@~1.1.2":
    "integrity" "sha1-IpnwLG3tMNSllhsLn3RSShj2NPw="
    "resolved" "https://registry.yarnpkg.com/vary/-/vary-1.1.2.tgz"
    "version" "1.1.2"
  
  "webidl-conversions@^3.0.0":
    "integrity" "sha1-JFNCdeKnvGvnvIZhHMFq4KVlSHE="
    "resolved" "https://registry.yarnpkg.com/webidl-conversions/-/webidl-conversions-3.0.1.tgz"
    "version" "3.0.1"
  
  "whatwg-url@^5.0.0":
    "integrity" "sha1-lmRU6HZUYuN2RNNib2dCzotwll0="
    "resolved" "https://registry.yarnpkg.com/whatwg-url/-/whatwg-url-5.0.0.tgz"
    "version" "5.0.0"
    dependencies:
      "tr46" "~0.0.3"
      "webidl-conversions" "^3.0.0"
  
  "wide-align@^1.1.0":
    "integrity" "sha512-eDMORYaPNZ4sQIuuYPDHdQvf4gyCF9rEEV/yPxGfwPkRodwEgiMUUXTx/dex+Me0wxx53S+NgUHaP7y3MGlDmg=="
    "resolved" "https://registry.npmjs.org/wide-align/-/wide-align-1.1.5.tgz"
    "version" "1.1.5"
    dependencies:
      "string-width" "^1.0.2 || 2 || 3 || 4"
  
  "wrappy@1":
    "integrity" "sha1-tSQ9jz7BqjXxNkYFvA0QNuMKtp8="
    "resolved" "https://registry.yarnpkg.com/wrappy/-/wrappy-1.0.2.tgz"
    "version" "1.0.2"
  
  "ws@^6.1.0":
    "integrity" "sha512-zmhltoSR8u1cnDsD43TX59mzoMZsLKqUweyYBAIvTngR3shc0W6aOZylZmq/7hqyVxPdi+5Ud2QInblgyE72fw=="
    "resolved" "https://registry.yarnpkg.com/ws/-/ws-6.2.2.tgz"
    "version" "6.2.2"
    dependencies:
      "async-limiter" "~1.0.0"
  
  "ws@^7.5.0":
    "integrity" "sha512-6GLgCqo2cy2A2rjCNFlxQS6ZljG/coZfZXclldI8FB/1G3CCI36Zd8xy2HrFVACi8tfk5XrgLQEk+P0Tnz9UcA=="
    "resolved" "https://registry.yarnpkg.com/ws/-/ws-7.5.6.tgz"
    "version" "7.5.6"
  
  "xtend@^4.0.0", "xtend@^4.0.2":
    "integrity" "sha512-LKYU1iAXJXUgAXn9URjiu+MWhyUXHsvfp7mcuYm9dSUKK0/CjtrUwFAxD82/mCWbtLsGjFIad0wIsod4zrTAEQ=="
    "resolved" "https://registry.yarnpkg.com/xtend/-/xtend-4.0.2.tgz"
    "version" "4.0.2"
  
  "yallist@^4.0.0":
    "integrity" "sha512-3wdGidZyq5PB084XLES5TpOSRA3wjXAlIWMhum2kRcv/41Sn2emQ0dycQW4uZXLejwKvg6EsvbdlVL+FYEct7A=="
    "resolved" "https://registry.npmjs.org/yallist/-/yallist-4.0.0.tgz"
    "version" "4.0.0"
  
  "yauzl@^2.10.0":
    "integrity" "sha1-x+sXyT4RLLEIb6bY5R+wZnt5pfk="
    "resolved" "https://registry.yarnpkg.com/yauzl/-/yauzl-2.10.0.tgz"
    "version" "2.10.0"
    dependencies:
      "buffer-crc32" "~0.2.3"
      "fd-slicer" "~1.1.0"
