Arguments: 
  C:\Program Files\nodejs\node.exe C:\ProgramData\npm\npm\node_modules\yarn\bin\yarn.js add uniqid

PATH: 
  C:\Program Files\Oculus\Support\oculus-runtime;C:\Program Files (x86)\Common Files\Intel\Shared Libraries\redist\intel64_win\compiler;C:\Program Files\Common Files\Oracle\Java\javapath;C:\Program Files (x86)\VMware\VMware Player\bin\;C:\Program Files (x86)\Common Files\Intel\Shared Libraries\redist\intel64\compiler;C:\Program Files\NVIDIA GPU Computing Toolkit\CUDA\v11.2\bin;C:\Program Files\NVIDIA GPU Computing Toolkit\CUDA\v11.2\libnvvp;C:\Program Files\Microsoft MPI\Bin\;C:\Users\vandi\miniconda3;C:\Users\vandi\miniconda3\Scripts;C:\Users\vandi\miniconda3\condabin;C:\Users\vandi\miniconda3\pkgs;C:\ProgramData\npm\npm;C:\Windows\system32;C:\Windows;C:\Windows\System32\Wbem;C:\Windows\System32\WindowsPowerShell\v1.0\;C:\Windows\System32\OpenSSH\;C:\Program Files (x86)\NVIDIA Corporation\PhysX\Common;C:\Program Files\NVIDIA Corporation\NVIDIA NvDLISR;C:\ProgramData\chocolatey\bin;C:\Program Files\Git\cmd;C:\Program Files\Git\bin\git.exe;C:\Program Files\ffmpeg\ffmpeg.exe;C:\Program Files\NVIDIA Corporation\Nsight Compute 2020.3.0\;C:\Windows\SysWow64\;C:\Program Files\nodejs\;C:\WINDOWS\system32;C:\WINDOWS;C:\WINDOWS\System32\Wbem;C:\WINDOWS\System32\WindowsPowerShell\v1.0\;C:\WINDOWS\System32\OpenSSH\;C:\Program Files\PuTTY\;C:\Program Files\Microsoft SQL Server\Client SDK\ODBC\110\Tools\Binn\;C:\Program Files (x86)\Microsoft SQL Server\120\Tools\Binn\;C:\Program Files\Microsoft SQL Server\120\Tools\Binn\;C:\Program Files\Microsoft SQL Server\120\DTS\Binn\;C:\Program Files (x86)\Windows Kits\8.1\Windows Performance Toolkit\;C:\Program Files\dotnet\;C:\Program Files\Docker\Docker\resources\bin;C:\ProgramData\DockerDesktop\version-bin;C:\Program Files\OpenJDK\openjdk-8u302-b08\bin;C:\Users\vandi\scoop\shims;C:\Program Files\ffmpeg;C:\Users\vandi\AppData\Local\Programs\Microsoft VS Code\bin;C:\Users\vandi\AppData\Local\Microsoft\WindowsApps;C:\Users\vandi\AppData\Roaming\npm;C:\Program Files\OpenSSL-Win64\bin;C:\Users\vandi\AppData\Local\Android\Sdk\platform-tools;C:\Users\vandi\AppData\Local\Android\Sdk\tools;C:\Program Files\GPAC;C:\Program Files\MongoDB\Server\4.4\bin;C:\Users\vandi\.dotnet\tools;C:\Users\vandi\Documents\#bigmistqke

Yarn version: 
  1.22.15

Node version: 
  14.15.4

Platform: 
  win32 x64

Trace: 
  Error: EPERM: operation not permitted, unlink 'C:\_wamp64\www\datingproject\card_editor_solid\node_modules\esbuild-windows-64\esbuild.exe'

npm manifest: 
  {
    "name": "vite-template-solid",
    "version": "0.0.0",
    "description": "",
    "scripts": {
      "start": "vite",
      "dev": "vite",
      "build": "vite build",
      "serve": "vite preview"
    },
    "license": "MIT",
    "devDependencies": {
      "vite": "^2.5.7",
      "vite-plugin-solid": "^2.0.3"
    },
    "dependencies": {
      "solid-app-router": "^0.1.11",
      "solid-js": "^1.1.3",
      "solid-styled-components": "^0.27.3",
      "uniqid": "^5.4.0"
    }
  }

yarn manifest: 
  No manifest

Lockfile: 
  # THIS IS AN AUTOGENERATED FILE. DO NOT EDIT THIS FILE DIRECTLY.
  # yarn lockfile v1
  
  
  "@babel/code-frame@^7.16.0":
    "integrity" "sha512-IF4EOMEV+bfYwOmNxGzSnjR2EmQod7f1UXOpZM3l4i4o4QNwzjtJAu/HxdjHq0aYBvdqMuQEY1eg0nqW9ZPORA=="
    "resolved" "https://registry.yarnpkg.com/@babel/code-frame/-/code-frame-7.16.0.tgz"
    "version" "7.16.0"
    dependencies:
      "@babel/highlight" "^7.16.0"
  
  "@babel/compat-data@^7.16.0":
    "integrity" "sha512-DGjt2QZse5SGd9nfOSqO4WLJ8NN/oHkijbXbPrxuoJO3oIPJL3TciZs9FX+cOHNiY9E9l0opL8g7BmLe3T+9ew=="
    "resolved" "https://registry.yarnpkg.com/@babel/compat-data/-/compat-data-7.16.0.tgz"
    "version" "7.16.0"
  
  "@babel/core@^7.0.0", "@babel/core@^7.0.0-0", "@babel/core@^7.16.0":
    "integrity" "sha512-mYZEvshBRHGsIAiyH5PzCFTCfbWfoYbO/jcSdXQSUQu1/pW0xDZAUP7KEc32heqWTAfAHhV9j1vH8Sav7l+JNQ=="
    "resolved" "https://registry.yarnpkg.com/@babel/core/-/core-7.16.0.tgz"
    "version" "7.16.0"
    dependencies:
      "@babel/code-frame" "^7.16.0"
      "@babel/generator" "^7.16.0"
      "@babel/helper-compilation-targets" "^7.16.0"
      "@babel/helper-module-transforms" "^7.16.0"
      "@babel/helpers" "^7.16.0"
      "@babel/parser" "^7.16.0"
      "@babel/template" "^7.16.0"
      "@babel/traverse" "^7.16.0"
      "@babel/types" "^7.16.0"
      "convert-source-map" "^1.7.0"
      "debug" "^4.1.0"
      "gensync" "^1.0.0-beta.2"
      "json5" "^2.1.2"
      "semver" "^6.3.0"
      "source-map" "^0.5.0"
  
  "@babel/generator@^7.16.0":
    "integrity" "sha512-RR8hUCfRQn9j9RPKEVXo9LiwoxLPYn6hNZlvUOR8tSnaxlD0p0+la00ZP9/SnRt6HchKr+X0fO2r8vrETiJGew=="
    "resolved" "https://registry.yarnpkg.com/@babel/generator/-/generator-7.16.0.tgz"
    "version" "7.16.0"
    dependencies:
      "@babel/types" "^7.16.0"
      "jsesc" "^2.5.1"
      "source-map" "^0.5.0"
  
  "@babel/helper-annotate-as-pure@^7.16.0":
    "integrity" "sha512-ItmYF9vR4zA8cByDocY05o0LGUkp1zhbTQOH1NFyl5xXEqlTJQCEJjieriw+aFpxo16swMxUnUiKS7a/r4vtHg=="
    "resolved" "https://registry.yarnpkg.com/@babel/helper-annotate-as-pure/-/helper-annotate-as-pure-7.16.0.tgz"
    "version" "7.16.0"
    dependencies:
      "@babel/types" "^7.16.0"
  
  "@babel/helper-compilation-targets@^7.16.0":
    "integrity" "sha512-S7iaOT1SYlqK0sQaCi21RX4+13hmdmnxIEAnQUB/eh7GeAnRjOUgTYpLkUOiRXzD+yog1JxP0qyAQZ7ZxVxLVg=="
    "resolved" "https://registry.yarnpkg.com/@babel/helper-compilation-targets/-/helper-compilation-targets-7.16.0.tgz"
    "version" "7.16.0"
    dependencies:
      "@babel/compat-data" "^7.16.0"
      "@babel/helper-validator-option" "^7.14.5"
      "browserslist" "^4.16.6"
      "semver" "^6.3.0"
  
  "@babel/helper-create-class-features-plugin@^7.16.0":
    "integrity" "sha512-XLwWvqEaq19zFlF5PTgOod4bUA+XbkR4WLQBct1bkzmxJGB0ZEJaoKF4c8cgH9oBtCDuYJ8BP5NB9uFiEgO5QA=="
    "resolved" "https://registry.yarnpkg.com/@babel/helper-create-class-features-plugin/-/helper-create-class-features-plugin-7.16.0.tgz"
    "version" "7.16.0"
    dependencies:
      "@babel/helper-annotate-as-pure" "^7.16.0"
      "@babel/helper-function-name" "^7.16.0"
      "@babel/helper-member-expression-to-functions" "^7.16.0"
      "@babel/helper-optimise-call-expression" "^7.16.0"
      "@babel/helper-replace-supers" "^7.16.0"
      "@babel/helper-split-export-declaration" "^7.16.0"
  
  "@babel/helper-function-name@^7.16.0":
    "integrity" "sha512-BZh4mEk1xi2h4HFjWUXRQX5AEx4rvaZxHgax9gcjdLWdkjsY7MKt5p0otjsg5noXw+pB+clMCjw+aEVYADMjog=="
    "resolved" "https://registry.yarnpkg.com/@babel/helper-function-name/-/helper-function-name-7.16.0.tgz"
    "version" "7.16.0"
    dependencies:
      "@babel/helper-get-function-arity" "^7.16.0"
      "@babel/template" "^7.16.0"
      "@babel/types" "^7.16.0"
  
  "@babel/helper-get-function-arity@^7.16.0":
    "integrity" "sha512-ASCquNcywC1NkYh/z7Cgp3w31YW8aojjYIlNg4VeJiHkqyP4AzIvr4qx7pYDb4/s8YcsZWqqOSxgkvjUz1kpDQ=="
    "resolved" "https://registry.yarnpkg.com/@babel/helper-get-function-arity/-/helper-get-function-arity-7.16.0.tgz"
    "version" "7.16.0"
    dependencies:
      "@babel/types" "^7.16.0"
  
  "@babel/helper-hoist-variables@^7.16.0":
    "integrity" "sha512-1AZlpazjUR0EQZQv3sgRNfM9mEVWPK3M6vlalczA+EECcPz3XPh6VplbErL5UoMpChhSck5wAJHthlj1bYpcmg=="
    "resolved" "https://registry.yarnpkg.com/@babel/helper-hoist-variables/-/helper-hoist-variables-7.16.0.tgz"
    "version" "7.16.0"
    dependencies:
      "@babel/types" "^7.16.0"
  
  "@babel/helper-member-expression-to-functions@^7.16.0":
    "integrity" "sha512-bsjlBFPuWT6IWhl28EdrQ+gTvSvj5tqVP5Xeftp07SEuz5pLnsXZuDkDD3Rfcxy0IsHmbZ+7B2/9SHzxO0T+sQ=="
    "resolved" "https://registry.yarnpkg.com/@babel/helper-member-expression-to-functions/-/helper-member-expression-to-functions-7.16.0.tgz"
    "version" "7.16.0"
    dependencies:
      "@babel/types" "^7.16.0"
  
  "@babel/helper-module-imports@^7.10.4", "@babel/helper-module-imports@^7.16.0":
    "integrity" "sha512-kkH7sWzKPq0xt3H1n+ghb4xEMP8k0U7XV3kkB+ZGy69kDk2ySFW1qPi06sjKzFY3t1j6XbJSqr4mF9L7CYVyhg=="
    "resolved" "https://registry.yarnpkg.com/@babel/helper-module-imports/-/helper-module-imports-7.16.0.tgz"
    "version" "7.16.0"
    dependencies:
      "@babel/types" "^7.16.0"
  
  "@babel/helper-module-transforms@^7.16.0":
    "integrity" "sha512-My4cr9ATcaBbmaEa8M0dZNA74cfI6gitvUAskgDtAFmAqyFKDSHQo5YstxPbN+lzHl2D9l/YOEFqb2mtUh4gfA=="
    "resolved" "https://registry.yarnpkg.com/@babel/helper-module-transforms/-/helper-module-transforms-7.16.0.tgz"
    "version" "7.16.0"
    dependencies:
      "@babel/helper-module-imports" "^7.16.0"
      "@babel/helper-replace-supers" "^7.16.0"
      "@babel/helper-simple-access" "^7.16.0"
      "@babel/helper-split-export-declaration" "^7.16.0"
      "@babel/helper-validator-identifier" "^7.15.7"
      "@babel/template" "^7.16.0"
      "@babel/traverse" "^7.16.0"
      "@babel/types" "^7.16.0"
  
  "@babel/helper-optimise-call-expression@^7.16.0":
    "integrity" "sha512-SuI467Gi2V8fkofm2JPnZzB/SUuXoJA5zXe/xzyPP2M04686RzFKFHPK6HDVN6JvWBIEW8tt9hPR7fXdn2Lgpw=="
    "resolved" "https://registry.yarnpkg.com/@babel/helper-optimise-call-expression/-/helper-optimise-call-expression-7.16.0.tgz"
    "version" "7.16.0"
    dependencies:
      "@babel/types" "^7.16.0"
  
  "@babel/helper-plugin-utils@^7.14.5":
    "integrity" "sha512-/37qQCE3K0vvZKwoK4XU/irIJQdIfCJuhU5eKnNxpFDsOkgFaUAwbv+RYw6eYgsC0E4hS7r5KqGULUogqui0fQ=="
    "resolved" "https://registry.yarnpkg.com/@babel/helper-plugin-utils/-/helper-plugin-utils-7.14.5.tgz"
    "version" "7.14.5"
  
  "@babel/helper-replace-supers@^7.16.0":
    "integrity" "sha512-TQxuQfSCdoha7cpRNJvfaYxxxzmbxXw/+6cS7V02eeDYyhxderSoMVALvwupA54/pZcOTtVeJ0xccp1nGWladA=="
    "resolved" "https://registry.yarnpkg.com/@babel/helper-replace-supers/-/helper-replace-supers-7.16.0.tgz"
    "version" "7.16.0"
    dependencies:
      "@babel/helper-member-expression-to-functions" "^7.16.0"
      "@babel/helper-optimise-call-expression" "^7.16.0"
      "@babel/traverse" "^7.16.0"
      "@babel/types" "^7.16.0"
  
  "@babel/helper-simple-access@^7.16.0":
    "integrity" "sha512-o1rjBT/gppAqKsYfUdfHq5Rk03lMQrkPHG1OWzHWpLgVXRH4HnMM9Et9CVdIqwkCQlobnGHEJMsgWP/jE1zUiw=="
    "resolved" "https://registry.yarnpkg.com/@babel/helper-simple-access/-/helper-simple-access-7.16.0.tgz"
    "version" "7.16.0"
    dependencies:
      "@babel/types" "^7.16.0"
  
  "@babel/helper-split-export-declaration@^7.16.0":
    "integrity" "sha512-0YMMRpuDFNGTHNRiiqJX19GjNXA4H0E8jZ2ibccfSxaCogbm3am5WN/2nQNj0YnQwGWM1J06GOcQ2qnh3+0paw=="
    "resolved" "https://registry.yarnpkg.com/@babel/helper-split-export-declaration/-/helper-split-export-declaration-7.16.0.tgz"
    "version" "7.16.0"
    dependencies:
      "@babel/types" "^7.16.0"
  
  "@babel/helper-validator-identifier@^7.15.7":
    "integrity" "sha512-K4JvCtQqad9OY2+yTU8w+E82ywk/fe+ELNlt1G8z3bVGlZfn/hOcQQsUhGhW/N+tb3fxK800wLtKOE/aM0m72w=="
    "resolved" "https://registry.yarnpkg.com/@babel/helper-validator-identifier/-/helper-validator-identifier-7.15.7.tgz"
    "version" "7.15.7"
  
  "@babel/helper-validator-option@^7.14.5":
    "integrity" "sha512-OX8D5eeX4XwcroVW45NMvoYaIuFI+GQpA2a8Gi+X/U/cDUIRsV37qQfF905F0htTRCREQIB4KqPeaveRJUl3Ow=="
    "resolved" "https://registry.yarnpkg.com/@babel/helper-validator-option/-/helper-validator-option-7.14.5.tgz"
    "version" "7.14.5"
  
  "@babel/helpers@^7.16.0":
    "integrity" "sha512-dVRM0StFMdKlkt7cVcGgwD8UMaBfWJHl3A83Yfs8GQ3MO0LHIIIMvK7Fa0RGOGUQ10qikLaX6D7o5htcQWgTMQ=="
    "resolved" "https://registry.yarnpkg.com/@babel/helpers/-/helpers-7.16.0.tgz"
    "version" "7.16.0"
    dependencies:
      "@babel/template" "^7.16.0"
      "@babel/traverse" "^7.16.0"
      "@babel/types" "^7.16.0"
  
  "@babel/highlight@^7.16.0":
    "integrity" "sha512-t8MH41kUQylBtu2+4IQA3atqevA2lRgqA2wyVB/YiWmsDSuylZZuXOUy9ric30hfzauEFfdsuk/eXTRrGrfd0g=="
    "resolved" "https://registry.yarnpkg.com/@babel/highlight/-/highlight-7.16.0.tgz"
    "version" "7.16.0"
    dependencies:
      "@babel/helper-validator-identifier" "^7.15.7"
      "chalk" "^2.0.0"
      "js-tokens" "^4.0.0"
  
  "@babel/parser@^7.16.0":
    "integrity" "sha512-RUVpT0G2h6rOZwqLDTrKk7ksNv7YpAilTnYe1/Q+eDjxEceRMKVWbCsX7t8h6C1qCFi/1Y8WZjcEPBAFG27GPw=="
    "resolved" "https://registry.yarnpkg.com/@babel/parser/-/parser-7.16.2.tgz"
    "version" "7.16.2"
  
  "@babel/plugin-syntax-jsx@^7.10.4":
    "integrity" "sha512-8zv2+xiPHwly31RK4RmnEYY5zziuF3O7W2kIDW+07ewWDh6Oi0dRq8kwvulRkFgt6DB97RlKs5c1y068iPlCUg=="
    "resolved" "https://registry.yarnpkg.com/@babel/plugin-syntax-jsx/-/plugin-syntax-jsx-7.16.0.tgz"
    "version" "7.16.0"
    dependencies:
      "@babel/helper-plugin-utils" "^7.14.5"
  
  "@babel/plugin-syntax-typescript@^7.16.0":
    "integrity" "sha512-Xv6mEXqVdaqCBfJFyeab0fH2DnUoMsDmhamxsSi4j8nLd4Vtw213WMJr55xxqipC/YVWyPY3K0blJncPYji+dQ=="
    "resolved" "https://registry.yarnpkg.com/@babel/plugin-syntax-typescript/-/plugin-syntax-typescript-7.16.0.tgz"
    "version" "7.16.0"
    dependencies:
      "@babel/helper-plugin-utils" "^7.14.5"
  
  "@babel/plugin-transform-typescript@^7.16.0":
    "integrity" "sha512-NO4XoryBng06jjw/qWEU2LhcLJr1tWkhpMam/H4eas/CDKMX/b2/Ylb6EI256Y7+FVPCawwSM1rrJNOpDiz+Lg=="
    "resolved" "https://registry.yarnpkg.com/@babel/plugin-transform-typescript/-/plugin-transform-typescript-7.16.1.tgz"
    "version" "7.16.1"
    dependencies:
      "@babel/helper-create-class-features-plugin" "^7.16.0"
      "@babel/helper-plugin-utils" "^7.14.5"
      "@babel/plugin-syntax-typescript" "^7.16.0"
  
  "@babel/preset-typescript@^7.16.0":
    "integrity" "sha512-txegdrZYgO9DlPbv+9QOVpMnKbOtezsLHWsnsRF4AjbSIsVaujrq1qg8HK0mxQpWv0jnejt0yEoW1uWpvbrDTg=="
    "resolved" "https://registry.yarnpkg.com/@babel/preset-typescript/-/preset-typescript-7.16.0.tgz"
    "version" "7.16.0"
    dependencies:
      "@babel/helper-plugin-utils" "^7.14.5"
      "@babel/helper-validator-option" "^7.14.5"
      "@babel/plugin-transform-typescript" "^7.16.0"
  
  "@babel/template@^7.16.0":
    "integrity" "sha512-MnZdpFD/ZdYhXwiunMqqgyZyucaYsbL0IrjoGjaVhGilz+x8YB++kRfygSOIj1yOtWKPlx7NBp+9I1RQSgsd5A=="
    "resolved" "https://registry.yarnpkg.com/@babel/template/-/template-7.16.0.tgz"
    "version" "7.16.0"
    dependencies:
      "@babel/code-frame" "^7.16.0"
      "@babel/parser" "^7.16.0"
      "@babel/types" "^7.16.0"
  
  "@babel/traverse@^7.16.0":
    "integrity" "sha512-qQ84jIs1aRQxaGaxSysII9TuDaguZ5yVrEuC0BN2vcPlalwfLovVmCjbFDPECPXcYM/wLvNFfp8uDOliLxIoUQ=="
    "resolved" "https://registry.yarnpkg.com/@babel/traverse/-/traverse-7.16.0.tgz"
    "version" "7.16.0"
    dependencies:
      "@babel/code-frame" "^7.16.0"
      "@babel/generator" "^7.16.0"
      "@babel/helper-function-name" "^7.16.0"
      "@babel/helper-hoist-variables" "^7.16.0"
      "@babel/helper-split-export-declaration" "^7.16.0"
      "@babel/parser" "^7.16.0"
      "@babel/types" "^7.16.0"
      "debug" "^4.1.0"
      "globals" "^11.1.0"
  
  "@babel/types@^7.11.5", "@babel/types@^7.16.0":
    "integrity" "sha512-PJgg/k3SdLsGb3hhisFvtLOw5ts113klrpLuIPtCJIU+BB24fqq6lf8RWqKJEjzqXR9AEH1rIb5XTqwBHB+kQg=="
    "resolved" "https://registry.yarnpkg.com/@babel/types/-/types-7.16.0.tgz"
    "version" "7.16.0"
    dependencies:
      "@babel/helper-validator-identifier" "^7.15.7"
      "to-fast-properties" "^2.0.0"
  
  "ansi-styles@^3.2.1":
    "integrity" "sha512-VT0ZI6kZRdTh8YyJw3SMbYm/u+NqfsAxEpWO0Pf9sq8/e94WxxOpPKx9FR1FlyCtOVDNOQ+8ntlqFxiRc+r5qA=="
    "resolved" "https://registry.yarnpkg.com/ansi-styles/-/ansi-styles-3.2.1.tgz"
    "version" "3.2.1"
    dependencies:
      "color-convert" "^1.9.0"
  
  "babel-plugin-jsx-dom-expressions@^0.30.5":
    "integrity" "sha512-Fvyuyx5ggORiCiwsce9ZKeveZBcjtafPBuse3fL1kVY6yv/EnyFFBaFs4WWx/or4LtrJzEqSFDv83te0M6Zt8g=="
    "resolved" "https://registry.yarnpkg.com/babel-plugin-jsx-dom-expressions/-/babel-plugin-jsx-dom-expressions-0.30.5.tgz"
    "version" "0.30.5"
    dependencies:
      "@babel/helper-module-imports" "^7.10.4"
      "@babel/plugin-syntax-jsx" "^7.10.4"
      "@babel/types" "^7.11.5"
      "html-entities" "2.3.2"
  
  "babel-preset-solid@^1.2.2":
    "integrity" "sha512-63B6JKX+Sk/XRkbFD7RsZtkhR0/pZ0eSNnbzyQTP4Xsj1NFACeW5XG1ycheQZK+/qhsCuhELjNcqnoIAj8gcsA=="
    "resolved" "https://registry.yarnpkg.com/babel-preset-solid/-/babel-preset-solid-1.2.2.tgz"
    "version" "1.2.2"
    dependencies:
      "babel-plugin-jsx-dom-expressions" "^0.30.5"
  
  "browserslist@^4.16.6":
    "integrity" "sha512-uPgz3vyRTlEiCv4ee9KlsKgo2V6qPk7Jsn0KAn2OBqbqKo3iNcPEC1Ti6J4dwnz+aIRfEEEuOzC9IBk8tXUomw=="
    "resolved" "https://registry.yarnpkg.com/browserslist/-/browserslist-4.17.6.tgz"
    "version" "4.17.6"
    dependencies:
      "caniuse-lite" "^1.0.30001274"
      "electron-to-chromium" "^1.3.886"
      "escalade" "^3.1.1"
      "node-releases" "^2.0.1"
      "picocolors" "^1.0.0"
  
  "caniuse-lite@^1.0.30001274":
    "integrity" "sha512-mpF9KeH8u5cMoEmIic/cr7PNS+F5LWBk0t2ekGT60lFf0Wq+n9LspAj0g3P+o7DQhD3sUdlMln4YFAWhFYn9jg=="
    "resolved" "https://registry.yarnpkg.com/caniuse-lite/-/caniuse-lite-1.0.30001278.tgz"
    "version" "1.0.30001278"
  
  "chalk@^2.0.0":
    "integrity" "sha512-Mti+f9lpJNcwF4tWV8/OrTTtF1gZi+f8FqlyAdouralcFWFQWF2+NgCHShjkCb+IFBLq9buZwE1xckQU4peSuQ=="
    "resolved" "https://registry.yarnpkg.com/chalk/-/chalk-2.4.2.tgz"
    "version" "2.4.2"
    dependencies:
      "ansi-styles" "^3.2.1"
      "escape-string-regexp" "^1.0.5"
      "supports-color" "^5.3.0"
  
  "color-convert@^1.9.0":
    "integrity" "sha512-QfAUtd+vFdAtFQcC8CCyYt1fYWxSqAiK2cSD6zDB8N3cpsEBAvRxp9zOGg6G/SHHJYAT88/az/IuDGALsNVbGg=="
    "resolved" "https://registry.yarnpkg.com/color-convert/-/color-convert-1.9.3.tgz"
    "version" "1.9.3"
    dependencies:
      "color-name" "1.1.3"
  
  "color-name@1.1.3":
    "integrity" "sha1-p9BVi9icQveV3UIyj3QIMcpTvCU="
    "resolved" "https://registry.yarnpkg.com/color-name/-/color-name-1.1.3.tgz"
    "version" "1.1.3"
  
  "convert-source-map@^1.7.0":
    "integrity" "sha512-+OQdjP49zViI/6i7nIJpA8rAl4sV/JdPfU9nZs3VqOwGIgizICvuN2ru6fMd+4llL0tar18UYJXfZ/TWtmhUjA=="
    "resolved" "https://registry.yarnpkg.com/convert-source-map/-/convert-source-map-1.8.0.tgz"
    "version" "1.8.0"
    dependencies:
      "safe-buffer" "~5.1.1"
  
  "csstype@^2.6.2":
    "integrity" "sha512-RSU6Hyeg14am3Ah4VZEmeX8H7kLwEEirXe6aU2IPfKNvhXwTflK5HQRDNI0ypQXoqmm+QPyG2IaPuQE5zMwSIQ=="
    "resolved" "https://registry.npmjs.org/csstype/-/csstype-2.6.18.tgz"
    "version" "2.6.18"
  
  "debug@^4.1.0":
    "integrity" "sha512-mOp8wKcvj7XxC78zLgw/ZA+6TSgkoE2C/ienthhRD298T7UNwAg9diBpLRxC0mOezLl4B0xV7M0cCO6P/O0Xhw=="
    "resolved" "https://registry.yarnpkg.com/debug/-/debug-4.3.2.tgz"
    "version" "4.3.2"
    dependencies:
      "ms" "2.1.2"
  
  "electron-to-chromium@^1.3.886":
    "integrity" "sha512-suEUoPTD1mExjL9TdmH7cvEiWJVM2oEiAi+Y1p0QKxI2HcRlT44qDTP2c1aZmVwRemIPYOpxmV7CxQCOWcm4XQ=="
    "resolved" "https://registry.yarnpkg.com/electron-to-chromium/-/electron-to-chromium-1.3.889.tgz"
    "version" "1.3.889"
  
  "esbuild-windows-64@0.13.12":
    "integrity" "sha512-k4tX4uJlSbSkfs78W5d9+I9gpd+7N95W7H2bgOMFPsYREVJs31+Q2gLLHlsnlY95zBoPQMIzHooUIsixQIBjaQ=="
    "resolved" "https://registry.yarnpkg.com/esbuild-windows-64/-/esbuild-windows-64-0.13.12.tgz"
    "version" "0.13.12"
  
  "esbuild@^0.13.2":
    "integrity" "sha512-vTKKUt+yoz61U/BbrnmlG9XIjwpdIxmHB8DlPR0AAW6OdS+nBQBci6LUHU2q9WbBobMEIQxxDpKbkmOGYvxsow=="
    "resolved" "https://registry.yarnpkg.com/esbuild/-/esbuild-0.13.12.tgz"
    "version" "0.13.12"
    optionalDependencies:
      "esbuild-android-arm64" "0.13.12"
      "esbuild-darwin-64" "0.13.12"
      "esbuild-darwin-arm64" "0.13.12"
      "esbuild-freebsd-64" "0.13.12"
      "esbuild-freebsd-arm64" "0.13.12"
      "esbuild-linux-32" "0.13.12"
      "esbuild-linux-64" "0.13.12"
      "esbuild-linux-arm" "0.13.12"
      "esbuild-linux-arm64" "0.13.12"
      "esbuild-linux-mips64le" "0.13.12"
      "esbuild-linux-ppc64le" "0.13.12"
      "esbuild-netbsd-64" "0.13.12"
      "esbuild-openbsd-64" "0.13.12"
      "esbuild-sunos-64" "0.13.12"
      "esbuild-windows-32" "0.13.12"
      "esbuild-windows-64" "0.13.12"
      "esbuild-windows-arm64" "0.13.12"
  
  "escalade@^3.1.1":
    "integrity" "sha512-k0er2gUkLf8O0zKJiAhmkTnJlTvINGv7ygDNPbeIsX/TJjGJZHuh9B2UxbsaEkmlEo9MfhrSzmhIlhRlI2GXnw=="
    "resolved" "https://registry.yarnpkg.com/escalade/-/escalade-3.1.1.tgz"
    "version" "3.1.1"
  
  "escape-string-regexp@^1.0.5":
    "integrity" "sha1-G2HAViGQqN/2rjuyzwIAyhMLhtQ="
    "resolved" "https://registry.yarnpkg.com/escape-string-regexp/-/escape-string-regexp-1.0.5.tgz"
    "version" "1.0.5"
  
  "function-bind@^1.1.1":
    "integrity" "sha512-yIovAzMX49sF8Yl58fSCWJ5svSLuaibPxXQJFLmBObTuCr0Mf1KiPopGM9NiFjiYBCbfaa2Fh6breQ6ANVTI0A=="
    "resolved" "https://registry.yarnpkg.com/function-bind/-/function-bind-1.1.1.tgz"
    "version" "1.1.1"
  
  "gensync@^1.0.0-beta.2":
    "integrity" "sha512-3hN7NaskYvMDLQY55gnW3NQ+mesEAepTqlg+VEbj7zzqEMBVNhzcGYYeqFo/TlYz6eQiFcp1HcsCZO+nGgS8zg=="
    "resolved" "https://registry.yarnpkg.com/gensync/-/gensync-1.0.0-beta.2.tgz"
    "version" "1.0.0-beta.2"
  
  "globals@^11.1.0":
    "integrity" "sha512-WOBp/EEGUiIsJSp7wcv/y6MO+lV9UoncWqxuFfm8eBwzWNgyfBd6Gz+IeKQ9jCmyhoH99g15M3T+QaVHFjizVA=="
    "resolved" "https://registry.yarnpkg.com/globals/-/globals-11.12.0.tgz"
    "version" "11.12.0"
  
  "goober@^2.0.41":
    "integrity" "sha512-kwjegMT5018zWydhOQlQneCgCtrKJaPsru7TaBWmTYV0nsMeUrM6L6O8JmNYb9UbPMgWcmtf+9p4Y3oJabIH1A=="
    "resolved" "https://registry.npmjs.org/goober/-/goober-2.0.41.tgz"
    "version" "2.0.41"
  
  "has-flag@^3.0.0":
    "integrity" "sha1-tdRU3CGZriJWmfNGfloH87lVuv0="
    "resolved" "https://registry.yarnpkg.com/has-flag/-/has-flag-3.0.0.tgz"
    "version" "3.0.0"
  
  "has@^1.0.3":
    "integrity" "sha512-f2dvO0VU6Oej7RkWJGrehjbzMAjFp5/VKPp5tTpWIV4JHHZK1/BxbFRtf/siA2SWTe09caDmVtYYzWEIbBS4zw=="
    "resolved" "https://registry.yarnpkg.com/has/-/has-1.0.3.tgz"
    "version" "1.0.3"
    dependencies:
      "function-bind" "^1.1.1"
  
  "html-entities@2.3.2":
    "integrity" "sha512-c3Ab/url5ksaT0WyleslpBEthOzWhrjQbg75y7XUsfSzi3Dgzt0l8w5e7DylRn15MTlMMD58dTfzddNS2kcAjQ=="
    "resolved" "https://registry.yarnpkg.com/html-entities/-/html-entities-2.3.2.tgz"
    "version" "2.3.2"
  
  "is-core-module@^2.2.0":
    "integrity" "sha512-vd15qHsaqrRL7dtH6QNuy0ndJmRDrS9HAM1CAiSifNUFv4x1a0CCVsj18hJ1mShxIG6T2i1sO78MkP56r0nYRw=="
    "resolved" "https://registry.yarnpkg.com/is-core-module/-/is-core-module-2.8.0.tgz"
    "version" "2.8.0"
    dependencies:
      "has" "^1.0.3"
  
  "is-what@^3.14.1":
    "integrity" "sha512-sNxgpk9793nzSs7bA6JQJGeIuRBQhAaNGG77kzYQgMkrID+lS6SlK07K5LaptscDlSaIgH+GPFzf+d75FVxozA=="
    "resolved" "https://registry.yarnpkg.com/is-what/-/is-what-3.14.1.tgz"
    "version" "3.14.1"
  
  "js-tokens@^4.0.0":
    "integrity" "sha512-RdJUflcE3cUzKiMqQgsCu06FPu9UdIJO0beYbPhHN4k6apgJtifcoCtT9bcxOpYBtpD2kCM6Sbzg4CausW/PKQ=="
    "resolved" "https://registry.yarnpkg.com/js-tokens/-/js-tokens-4.0.0.tgz"
    "version" "4.0.0"
  
  "jsesc@^2.5.1":
    "integrity" "sha512-OYu7XEzjkCQ3C5Ps3QIZsQfNpqoJyZZA99wd9aWd05NCtC5pWOkShK2mkL6HXQR6/Cy2lbNdPlZBpuQHXE63gA=="
    "resolved" "https://registry.yarnpkg.com/jsesc/-/jsesc-2.5.2.tgz"
    "version" "2.5.2"
  
  "json5@^2.1.2":
    "integrity" "sha512-f+8cldu7X/y7RAJurMEJmdoKXGB/X550w2Nr3tTbezL6RwEE/iMcm+tZnXeoZtKuOq6ft8+CqzEkrIgx1fPoQA=="
    "resolved" "https://registry.yarnpkg.com/json5/-/json5-2.2.0.tgz"
    "version" "2.2.0"
    dependencies:
      "minimist" "^1.2.5"
  
  "merge-anything@^4.0.1":
    "integrity" "sha512-KsFjBYc3juDoHz9Vzd5fte1nqp06H8SQ+yU344Dd0ZunwSgtltnC0kgKds8cbocJGyViLcBQuHkitbDXAqW+LQ=="
    "resolved" "https://registry.yarnpkg.com/merge-anything/-/merge-anything-4.0.1.tgz"
    "version" "4.0.1"
    dependencies:
      "is-what" "^3.14.1"
      "ts-toolbelt" "^9.3.12"
  
  "minimist@^1.2.5":
    "integrity" "sha512-FM9nNUYrRBAELZQT3xeZQ7fmMOBg6nWNmJKTcgsJeaLstP/UODVpGsr5OhXhhXg6f+qtJ8uiZ+PUxkDWcgIXLw=="
    "resolved" "https://registry.yarnpkg.com/minimist/-/minimist-1.2.5.tgz"
    "version" "1.2.5"
  
  "ms@2.1.2":
    "integrity" "sha512-sGkPx+VjMtmA6MX27oA4FBFELFCZZ4S4XqeGOXCv68tT+jb3vk/RyaKWP0PTKyWtmLSM0b+adUTEvbs1PEaH2w=="
    "resolved" "https://registry.yarnpkg.com/ms/-/ms-2.1.2.tgz"
    "version" "2.1.2"
  
  "nanoid@^3.1.30":
    "integrity" "sha512-zJpuPDwOv8D2zq2WRoMe1HsfZthVewpel9CAvTfc/2mBD1uUT/agc5f7GHGWXlYkFvi1mVxe4IjvP2HNrop7nQ=="
    "resolved" "https://registry.yarnpkg.com/nanoid/-/nanoid-3.1.30.tgz"
    "version" "3.1.30"
  
  "node-releases@^2.0.1":
    "integrity" "sha512-CqyzN6z7Q6aMeF/ktcMVTzhAHCEpf8SOarwpzpf8pNBY2k5/oM34UHldUwp8VKI7uxct2HxSRdJjBaZeESzcxA=="
    "resolved" "https://registry.yarnpkg.com/node-releases/-/node-releases-2.0.1.tgz"
    "version" "2.0.1"
  
  "path-parse@^1.0.6":
    "integrity" "sha512-LDJzPVEEEPR+y48z93A0Ed0yXb8pAByGWo/k5YYdYgpY2/2EsOsksJrq7lOHxryrVOn1ejG6oAp8ahvOIQD8sw=="
    "resolved" "https://registry.yarnpkg.com/path-parse/-/path-parse-1.0.7.tgz"
    "version" "1.0.7"
  
  "picocolors@^1.0.0":
    "integrity" "sha512-1fygroTLlHu66zi26VoTDv8yRgm0Fccecssto+MhsZ0D/DGW2sm8E8AjW7NU5VVTRt5GxbeZ5qBuJr+HyLYkjQ=="
    "resolved" "https://registry.yarnpkg.com/picocolors/-/picocolors-1.0.0.tgz"
    "version" "1.0.0"
  
  "postcss@^8.3.8":
    "integrity" "sha512-hCmlUAIlUiav8Xdqw3Io4LcpA1DOt7h3LSTAC4G6JGHFFaWzI6qvFt9oilvl8BmkbBRX1IhM90ZAmpk68zccQA=="
    "resolved" "https://registry.yarnpkg.com/postcss/-/postcss-8.3.11.tgz"
    "version" "8.3.11"
    dependencies:
      "nanoid" "^3.1.30"
      "picocolors" "^1.0.0"
      "source-map-js" "^0.6.2"
  
  "resolve@^1.20.0":
    "integrity" "sha512-wENBPt4ySzg4ybFQW2TT1zMQucPK95HSh/nq2CFTZVOGut2+pQvSsgtda4d26YrYcr067wjbmzOG8byDPBX63A=="
    "resolved" "https://registry.yarnpkg.com/resolve/-/resolve-1.20.0.tgz"
    "version" "1.20.0"
    dependencies:
      "is-core-module" "^2.2.0"
      "path-parse" "^1.0.6"
  
  "rollup@^2.57.0":
    "integrity" "sha512-l7s90JQhCQ6JyZjKgo7Lq1dKh2RxatOM+Jr6a9F7WbS9WgKbocyUSeLmZl8evAse7y96Ae98L2k1cBOwWD8nHw=="
    "resolved" "https://registry.yarnpkg.com/rollup/-/rollup-2.59.0.tgz"
    "version" "2.59.0"
    optionalDependencies:
      "fsevents" "~2.3.2"
  
  "safe-buffer@~5.1.1":
    "integrity" "sha512-Gd2UZBJDkXlY7GbJxfsE8/nvKkUEU1G38c1siN6QP6a9PT9MmHB8GnpscSmMJSoF8LOIrt8ud/wPtojys4G6+g=="
    "resolved" "https://registry.yarnpkg.com/safe-buffer/-/safe-buffer-5.1.2.tgz"
    "version" "5.1.2"
  
  "semver@^6.3.0":
    "integrity" "sha512-b39TBaTSfV6yBrapU89p5fKekE2m/NwnDocOVruQFS1/veMgdzuPcnOM34M6CwxW8jH/lxEa5rBoDeUwu5HHTw=="
    "resolved" "https://registry.yarnpkg.com/semver/-/semver-6.3.0.tgz"
    "version" "6.3.0"
  
  "solid-app-router@^0.1.11":
    "integrity" "sha512-O0Gp2MhsqMJCDFzMNEH1rjpKFIFXO+0pX12AwTDYXQVnGwscbjD0ysAtyvjgXZAcj2udbYEL4uR5IgnJfI3YKw=="
    "resolved" "https://registry.yarnpkg.com/solid-app-router/-/solid-app-router-0.1.11.tgz"
    "version" "0.1.11"
  
  "solid-js@^1.0.0", "solid-js@^1.1.3", "solid-js@^1.2.2":
    "integrity" "sha512-2FtxO+bHDzS7RwGUU/aQ36VOX81e3Cf1KE4GzbySrG1huYP51zotjqLqfWbKe89nwPjXQBoxnEK5hnBfDj0O0Q=="
    "resolved" "https://registry.yarnpkg.com/solid-js/-/solid-js-1.2.2.tgz"
    "version" "1.2.2"
  
  "solid-refresh@^0.2.2":
    "integrity" "sha512-oQN3pUJ8fBd4ldMxZVqK7S4PGzAn1yx1B5bRRfANoxoqmHyY2QLfzrOzXsYnAkhh272K+W24oKgFWlmdUZ6HtQ=="
    "resolved" "https://registry.yarnpkg.com/solid-refresh/-/solid-refresh-0.2.2.tgz"
    "version" "0.2.2"
  
  "solid-styled-components@^0.27.3":
    "integrity" "sha512-0TXTNeLp4zn6xyuKgNKgcuIjCzxnIyUtTSbOPC6k5/2F5REarGyJMCp00NToRfaOJskXk+ERcntNSew5SznN3g=="
    "resolved" "https://registry.npmjs.org/solid-styled-components/-/solid-styled-components-0.27.3.tgz"
    "version" "0.27.3"
    dependencies:
      "csstype" "^2.6.2"
      "goober" "^2.0.41"
  
  "source-map-js@^0.6.2":
    "integrity" "sha512-/3GptzWzu0+0MBQFrDKzw/DvvMTUORvgY6k6jd/VS6iCR4RDTKWH6v6WPwQoUO8667uQEf9Oe38DxAYWY5F/Ug=="
    "resolved" "https://registry.yarnpkg.com/source-map-js/-/source-map-js-0.6.2.tgz"
    "version" "0.6.2"
  
  "source-map@^0.5.0":
    "integrity" "sha1-igOdLRAh0i0eoUyA2OpGi6LvP8w="
    "resolved" "https://registry.yarnpkg.com/source-map/-/source-map-0.5.7.tgz"
    "version" "0.5.7"
  
  "supports-color@^5.3.0":
    "integrity" "sha512-QjVjwdXIt408MIiAqCX4oUKsgU2EqAGzs2Ppkm4aQYbjm+ZEWEcW4SfFNTr4uMNZma0ey4f5lgLrkB0aX0QMow=="
    "resolved" "https://registry.yarnpkg.com/supports-color/-/supports-color-5.5.0.tgz"
    "version" "5.5.0"
    dependencies:
      "has-flag" "^3.0.0"
  
  "to-fast-properties@^2.0.0":
    "integrity" "sha1-3F5pjL0HkmW8c+A3doGk5Og/YW4="
    "resolved" "https://registry.yarnpkg.com/to-fast-properties/-/to-fast-properties-2.0.0.tgz"
    "version" "2.0.0"
  
  "ts-toolbelt@^9.3.12":
    "integrity" "sha512-nsZd8ZeNUzukXPlJmTBwUAuABDe/9qtVDelJeT/qW0ow3ZS3BsQJtNkan1802aM9Uf68/Y8ljw86Hu0h5IUW3w=="
    "resolved" "https://registry.yarnpkg.com/ts-toolbelt/-/ts-toolbelt-9.6.0.tgz"
    "version" "9.6.0"
  
  "uniqid@^5.4.0":
    "integrity" "sha512-38JRbJ4Fj94VmnC7G/J/5n5SC7Ab46OM5iNtSstB/ko3l1b5g7ALt4qzHFgGciFkyiRNtDXtLNb+VsxtMSE77A=="
    "resolved" "https://registry.yarnpkg.com/uniqid/-/uniqid-5.4.0.tgz"
    "version" "5.4.0"
  
  "vite-plugin-solid@^2.0.3":
    "integrity" "sha512-SK6tzjv1H+dCSItnjCHfrPX5FGiQ8btMTdw0apsYAB1BAQvAEoi5pKS+3aHF96X7IL7RlUN8DB1KgpNW8m5vQA=="
    "resolved" "https://registry.yarnpkg.com/vite-plugin-solid/-/vite-plugin-solid-2.1.2.tgz"
    "version" "2.1.2"
    dependencies:
      "@babel/core" "^7.16.0"
      "@babel/preset-typescript" "^7.16.0"
      "babel-preset-solid" "^1.2.2"
      "merge-anything" "^4.0.1"
      "solid-js" "^1.2.2"
      "solid-refresh" "^0.2.2"
      "vite" "^2.6.13"
  
  "vite@^2.5.7", "vite@^2.6.13":
    "integrity" "sha512-+tGZ1OxozRirTudl4M3N3UTNJOlxdVo/qBl2IlDEy/ZpTFcskp+k5ncNjayR3bRYTCbqSOFz2JWGN1UmuDMScA=="
    "resolved" "https://registry.yarnpkg.com/vite/-/vite-2.6.13.tgz"
    "version" "2.6.13"
    dependencies:
      "esbuild" "^0.13.2"
      "postcss" "^8.3.8"
      "resolve" "^1.20.0"
      "rollup" "^2.57.0"
    optionalDependencies:
      "fsevents" "~2.3.2"
