Arguments: 
  C:\Program Files\nodejs\node.exe C:\ProgramData\npm\npm\node_modules\yarn\bin\yarn.js add solid-styled-components

PATH: 
  C:\Program Files\ImageMagick-7.1.0-Q16-HDRI;C:\Program Files\Oculus\Support\oculus-runtime;C:\Program Files (x86)\Common Files\Intel\Shared Libraries\redist\intel64_win\compiler;C:\Program Files\Common Files\Oracle\Java\javapath;C:\Program Files (x86)\VMware\VMware Player\bin\;C:\Program Files (x86)\Common Files\Intel\Shared Libraries\redist\intel64\compiler;C:\Program Files\NVIDIA GPU Computing Toolkit\CUDA\v11.2\bin;C:\Program Files\NVIDIA GPU Computing Toolkit\CUDA\v11.2\libnvvp;C:\Program Files\Microsoft MPI\Bin\;C:\Users\vandi\miniconda3;C:\Users\vandi\miniconda3\Scripts;C:\Users\vandi\miniconda3\condabin;C:\Users\vandi\miniconda3\pkgs;C:\ProgramData\npm\npm;C:\Windows\system32;C:\Windows;C:\Windows\System32\Wbem;C:\Windows\System32\WindowsPowerShell\v1.0\;C:\Windows\System32\OpenSSH\;C:\Program Files (x86)\NVIDIA Corporation\PhysX\Common;C:\Program Files\NVIDIA Corporation\NVIDIA NvDLISR;C:\ProgramData\chocolatey\bin;C:\Program Files\Git\cmd;C:\Program Files\Git\bin\git.exe;C:\Program Files\ffmpeg\ffmpeg.exe;C:\Program Files\NVIDIA Corporation\Nsight Compute 2020.3.0\;C:\Windows\SysWow64\;C:\Program Files\nodejs\;C:\WINDOWS\system32;C:\WINDOWS;C:\WINDOWS\System32\Wbem;C:\WINDOWS\System32\WindowsPowerShell\v1.0\;C:\WINDOWS\System32\OpenSSH\;C:\Program Files\PuTTY\;C:\Program Files\Microsoft SQL Server\Client SDK\ODBC\110\Tools\Binn\;C:\Program Files (x86)\Microsoft SQL Server\120\Tools\Binn\;C:\Program Files\Microsoft SQL Server\120\Tools\Binn\;C:\Program Files\Microsoft SQL Server\120\DTS\Binn\;C:\Program Files (x86)\Windows Kits\8.1\Windows Performance Toolkit\;C:\Program Files\dotnet\;C:\Program Files\Docker\Docker\resources\bin;C:\ProgramData\DockerDesktop\version-bin;C:\Program Files\OpenJDK\openjdk-8u302-b08\bin;C:\wamp64\bin\php\php7.3.21;C:\ProgramData\ComposerSetup\bin;C:\Users\vandi\scoop\shims;C:\Program Files\ffmpeg;C:\Users\vandi\AppData\Local\Programs\Microsoft VS Code\bin;C:\Users\vandi\AppData\Local\Microsoft\WindowsApps;C:\Users\vandi\AppData\Roaming\npm;C:\Program Files\OpenSSL-Win64\bin;C:\Users\vandi\AppData\Local\Android\Sdk\platform-tools;C:\Users\vandi\AppData\Local\Android\Sdk\tools;C:\Program Files\GPAC;C:\Program Files\MongoDB\Server\4.4\bin;C:\Users\vandi\.dotnet\tools;C:\Users\vandi\Documents\#bigmistqke;C:\Program Files\heroku\bin;C:\Users\vandi\AppData\Roaming\Composer\vendor\bin

Yarn version: 
  1.22.15

Node version: 
  14.15.4

Platform: 
  win32 x64

Trace: 
  Error: EPERM: operation not permitted, unlink 'C:\_wamp64\www\datingproject\editor\client_solid\node_modules\esbuild-windows-64\esbuild.exe'

npm manifest: 
  {
    "name": "vite-template-solid",
    "version": "0.0.0",
    "description": "",
    "scripts": {
      "start": "vite",
      "dev": "vite",
      "build": "vite build",
      "serve": "vite preview"
    },
    "license": "MIT",
    "devDependencies": {
      "vite": "^2.5.7",
      "vite-plugin-solid": "^2.0.3"
    },
    "dependencies": {
      "flat": "^5.0.2",
      "normalize-wheel": "^1.0.1",
      "solid-app-router": "^0.1.7",
      "solid-js": "^1.1.3",
      "uniqid": "^5.4.0"
    }
  }

yarn manifest: 
  No manifest

Lockfile: 
  No lockfile
